[+] Containers:
 |- [+] Container: /Game/TopDown/Maps/TopDownMap
 |   |- [+] ActorDescs:
 |   |   |- Guid:003581E94333A20B7F97908C5690C8D8 BaseClass:/Game/UnclassedBlueprints/BP_Teleport.BP_Teleport_C NativeClass:/Script/Engine.Actor Name:BP_Teleport_C_UAID_3C7C3F2E1245ED6702_1262272975 Label:BP_Teleport2 SpatiallyLoaded:true EditorBounds:IsValid=true, Min=(X=1347.297 Y=2531.453 Z=13.000), Max=(X=1404.522 Y=2582.488 Z=29.000) RuntimeBounds:IsValid=true, Min=(X=1347.297 Y=2531.453 Z=13.000), Max=(X=1404.522 Y=2582.488 Z=29.000) RuntimeGrid:None EditorOnly:false RuntimeOnly:false HLODRelevant:false ListedInSceneOutliner:true IsMainWorldOnly:false
 |   |   |- Guid:147C8D134B12D635012D5F8C57D2C96F NativeClass:/Script/Engine.PostProcessVolume Name:PostProcessVolume_1 Label:PostProcessVolume SpatiallyLoaded:false EditorBounds:IsValid=true, Min=(X=0.000 Y=0.000 Z=400.000), Max=(X=200.000 Y=200.000 Z=600.000) RuntimeBounds:IsValid=true, Min=(X=0.000 Y=0.000 Z=400.000), Max=(X=200.000 Y=200.000 Z=600.000) RuntimeGrid:None EditorOnly:false RuntimeOnly:false HLODRelevant:false ListedInSceneOutliner:true IsMainWorldOnly:false FolderPath:Lighting FolderGuid:4C9334684BA61B42C769F799D2576455
 |   |   |- Guid:1742DF43475F097453197AA79C7473D9 NativeClass:/Script/Engine.SkyLight Name:SkyLight_1 Label:SkyLight SpatiallyLoaded:false EditorBounds:IsValid=true, Min=(X=0.000 Y=0.000 Z=690.000), Max=(X=0.000 Y=0.000 Z=690.000) RuntimeBounds:IsValid=true, Min=(X=0.000 Y=0.000 Z=690.000), Max=(X=0.000 Y=0.000 Z=690.000) RuntimeGrid:None EditorOnly:false RuntimeOnly:false HLODRelevant:false ListedInSceneOutliner:true IsMainWorldOnly:false FolderPath:Lighting FolderGuid:4C9334684BA61B42C769F799D2576455
 |   |   |- Guid:1FEC8FAC495CEF0CE32492ADCBB96BAE NativeClass:/Script/AIModule.NavLinkProxy Name:NavLinkProxy_3 Label:NavLinkProxy3 SpatiallyLoaded:true EditorBounds:IsValid=true, Min=(X=2240.000 Y=1030.000 Z=90.000), Max=(X=2240.000 Y=1030.000 Z=90.000) RuntimeBounds:IsValid=true, Min=(X=2240.000 Y=1030.000 Z=90.000), Max=(X=2240.000 Y=1030.000 Z=90.000) RuntimeGrid:None EditorOnly:false RuntimeOnly:false HLODRelevant:false ListedInSceneOutliner:true IsMainWorldOnly:false FolderPath:Navigation FolderGuid:AE45D61F453CC144CF8289862C276E89
 |   |   |- Guid:2DF0D95440BE0EDA81652F860DC7268E NativeClass:/Script/Engine.WorldDataLayers Name:WorldDataLayers Label:WorldDataLayers SpatiallyLoaded:false EditorBounds:IsValid=true, Min=(X=0.000 Y=0.000 Z=0.000), Max=(X=0.000 Y=0.000 Z=0.000) RuntimeBounds:IsValid=true, Min=(X=0.000 Y=0.000 Z=0.000), Max=(X=0.000 Y=0.000 Z=0.000) RuntimeGrid:None EditorOnly:false RuntimeOnly:false HLODRelevant:false ListedInSceneOutliner:true IsMainWorldOnly:true
 |   |   |- Guid:3867417344EDEF53F85A959D24616653 NativeClass:/Script/Paper2D.PaperTileMapActor Name:PaperTileMapActor_UAID_3C7C3F2E1245A06202_2000751144 Label:TM_Base SpatiallyLoaded:true EditorBounds:IsValid=true, Min=(X=812.000 Y=1534.000 Z=-100.000), Max=(X=1836.000 Y=2558.000 Z=100.000) RuntimeBounds:IsValid=true, Min=(X=812.000 Y=1534.000 Z=-100.000), Max=(X=1836.000 Y=2558.000 Z=100.000) RuntimeGrid:None EditorOnly:false RuntimeOnly:false HLODRelevant:false ListedInSceneOutliner:true IsMainWorldOnly:false
 |   |   |- Guid:395212694483D145794539B87CF628A9 BaseClass:/Game/UnclassedBlueprints/BP_Teleport.BP_Teleport_C NativeClass:/Script/Engine.Actor Name:BP_Teleport_C_UAID_3C7C3F2E1245E86702_1323108095 Label:BP_Teleport SpatiallyLoaded:true EditorBounds:IsValid=true, Min=(X=-31.535 Y=-37.725 Z=-8.000), Max=(X=19.500 Y=19.500 Z=8.000) RuntimeBounds:IsValid=true, Min=(X=-31.535 Y=-37.725 Z=-8.000), Max=(X=19.500 Y=19.500 Z=8.000) RuntimeGrid:None EditorOnly:false RuntimeOnly:false HLODRelevant:false ListedInSceneOutliner:true IsMainWorldOnly:false
 |   |   |- Guid:3C7A93694753FC27B7987E92E2AC74C5 BaseClass:/Game/Items/BPA_BaseItem.BPA_BaseItem_C NativeClass:/Script/Engine.Actor Name:BPA_BaseItem_C_UAID_3C7C3F2E1245F66202_1805652280 Label:BPA_BaseItem5 SpatiallyLoaded:true EditorBounds:IsValid=true, Min=(X=1376.282 Y=1804.815 Z=-24.000), Max=(X=1403.718 Y=1832.252 Z=64.000) RuntimeBounds:IsValid=true, Min=(X=1376.282 Y=1804.815 Z=-24.000), Max=(X=1403.718 Y=1832.252 Z=64.000) RuntimeGrid:None EditorOnly:false RuntimeOnly:false HLODRelevant:false ListedInSceneOutliner:true IsMainWorldOnly:false
 |   |   |- Guid:493EA07C461415BB6DBDB38584547047 NativeClass:/Script/NavigationSystem.RecastNavMesh Name:RecastNavMesh_UAID_3C7C3F2E12459E6202-Default Label:RecastNavMesh-Default SpatiallyLoaded:false EditorBounds:IsValid=true, Min=(X=0.000 Y=0.000 Z=0.000), Max=(X=0.000 Y=0.000 Z=0.000) RuntimeBounds:IsValid=true, Min=(X=0.000 Y=0.000 Z=0.000), Max=(X=0.000 Y=0.000 Z=0.000) RuntimeGrid:None EditorOnly:false RuntimeOnly:false HLODRelevant:false ListedInSceneOutliner:true IsMainWorldOnly:false
 |   |   |- Guid:5F864C3448D50560D88F60AB97823365 BaseClass:/Game/Characters/Enemys/BP_Enemy.BP_Enemy_C NativeClass:/Script/Engine.Character Name:BP_Enemy_C_UAID_3C7C3F2E1245A26302_1397156552 Label:BP_Enemy3 SpatiallyLoaded:true EditorBounds:IsValid=true, Min=(X=1085.280 Y=1841.000 Z=7.657), Max=(X=1340.000 Y=1999.000 Z=206.745) RuntimeBounds:IsValid=true, Min=(X=1085.280 Y=1870.625 Z=7.657), Max=(X=1167.500 Y=1969.375 Z=206.745) RuntimeGrid:None EditorOnly:false RuntimeOnly:false HLODRelevant:false ListedInSceneOutliner:true IsMainWorldOnly:false
 |   |   |- Guid:6252C7D64ACF162A73EE65B11FE214D1 NativeClass:/Script/Engine.SkyAtmosphere Name:SkyAtmosphere_1 Label:SkyAtmosphere SpatiallyLoaded:false EditorBounds:IsValid=true, Min=(X=0.000 Y=0.000 Z=1020.000), Max=(X=0.000 Y=0.000 Z=1020.000) RuntimeBounds:IsValid=true, Min=(X=0.000 Y=0.000 Z=1020.000), Max=(X=0.000 Y=0.000 Z=1020.000) RuntimeGrid:None EditorOnly:false RuntimeOnly:false HLODRelevant:false ListedInSceneOutliner:true IsMainWorldOnly:false FolderPath:Lighting FolderGuid:4C9334684BA61B42C769F799D2576455
 |   |   |- Guid:767BA7234672B3AFA7F5009441A2A102 BaseClass:/Game/Characters/Enemys/BP_Enemy.BP_Enemy_C NativeClass:/Script/Engine.Character Name:BP_Enemy_C_UAID_3C7C3F2E1245FF6202_2139561868 Label:BP_Enemy SpatiallyLoaded:true EditorBounds:IsValid=true, Min=(X=1215.280 Y=1961.000 Z=7.657), Max=(X=1470.000 Y=2119.000 Z=206.745) RuntimeBounds:IsValid=true, Min=(X=1215.280 Y=1990.625 Z=7.657), Max=(X=1297.500 Y=2089.375 Z=206.745) RuntimeGrid:None EditorOnly:false RuntimeOnly:false HLODRelevant:false ListedInSceneOutliner:true IsMainWorldOnly:false
 |   |   |- Guid:77F893B3468595EE782136AD620D7EF4 NativeClass:/Script/Engine.VolumetricCloud Name:VolumetricCloud_0 Label:VolumetricCloud SpatiallyLoaded:false EditorBounds:IsValid=true, Min=(X=0.000 Y=0.000 Z=820.000), Max=(X=0.000 Y=0.000 Z=820.000) RuntimeBounds:IsValid=true, Min=(X=0.000 Y=0.000 Z=820.000), Max=(X=0.000 Y=0.000 Z=820.000) RuntimeGrid:None EditorOnly:false RuntimeOnly:false HLODRelevant:false ListedInSceneOutliner:true IsMainWorldOnly:false FolderPath:Lighting FolderGuid:4C9334684BA61B42C769F799D2576455
 |   |   |- Guid:804B8B994ADECF7A9966AD858458B07B BaseClass:/Game/Items/BPA_BaseItem.BPA_BaseItem_C NativeClass:/Script/Engine.Actor Name:BPA_BaseItem_C_UAID_3C7C3F2E1245F96202_2061949810 Label:BPA_BaseItem7 SpatiallyLoaded:true EditorBounds:IsValid=true, Min=(X=1306.282 Y=2186.282 Z=-24.000), Max=(X=1333.718 Y=2213.718 Z=64.000) RuntimeBounds:IsValid=true, Min=(X=1306.282 Y=2186.282 Z=-24.000), Max=(X=1333.718 Y=2213.718 Z=64.000) RuntimeGrid:None EditorOnly:false RuntimeOnly:false HLODRelevant:false ListedInSceneOutliner:true IsMainWorldOnly:false
 |   |   |- Guid:8149F2B84F2EE4692C89E687DB85C74B BaseClass:/Game/VillageLocation/BP_DoctorZone.BP_DoctorZone_C NativeClass:/Script/Engine.Actor Name:BP_DoctorZone_C_UAID_3C7C3F2E1245406902_1549638640 Label:BP_DoctorZone SpatiallyLoaded:true EditorBounds:IsValid=true, Min=(X=1473.260 Y=2049.692 Z=-35.000), Max=(X=1489.260 Y=2065.692 Z=77.000) RuntimeBounds:IsValid=true, Min=(X=1473.260 Y=2049.692 Z=-35.000), Max=(X=1489.260 Y=2065.692 Z=77.000) RuntimeGrid:None EditorOnly:false RuntimeOnly:false HLODRelevant:false ListedInSceneOutliner:true IsMainWorldOnly:false
 |   |   |- Guid:97ADDD0B4F92CBD589371D8C29007F31 BaseClass:/Game/Items/BPA_BaseItem.BPA_BaseItem_C NativeClass:/Script/Engine.Actor Name:BPA_BaseItem_C_UAID_3C7C3F2E1245FB6202_1639855163 Label:BPA_BaseItem8 SpatiallyLoaded:true EditorBounds:IsValid=true, Min=(X=1376.282 Y=2186.282 Z=-24.000), Max=(X=1403.718 Y=2213.718 Z=64.000) RuntimeBounds:IsValid=true, Min=(X=1376.282 Y=2186.282 Z=-24.000), Max=(X=1403.718 Y=2213.718 Z=64.000) RuntimeGrid:None EditorOnly:false RuntimeOnly:false HLODRelevant:false ListedInSceneOutliner:true IsMainWorldOnly:false
 |   |   |- Guid:99DD3C34424CAC3DFD3B279925493762 NativeClass:/Script/Paper2D.PaperSpriteActor Name:PaperSpriteActor_UAID_3C7C3F2E1245476902_1464532873 Label:6_Sprite SpatiallyLoaded:true EditorBounds:IsValid=true, Min=(X=1386.716 Y=2382.447 Z=17.000), Max=(X=1391.716 Y=2392.447 Z=25.000) RuntimeBounds:IsValid=true, Min=(X=1386.716 Y=2382.447 Z=17.000), Max=(X=1391.716 Y=2392.447 Z=25.000) RuntimeGrid:None EditorOnly:false RuntimeOnly:false HLODRelevant:false ListedInSceneOutliner:true IsMainWorldOnly:false
 |   |   |- Guid:AECEEEE741E6DE68F6843FA49564A956 NativeClass:/Script/Engine.DirectionalLight Name:DirectionalLight_1 Label:DirectionalLight SpatiallyLoaded:false EditorBounds:IsValid=true, Min=(X=-1048576.000 Y=-1048576.000 Z=-1048576.000), Max=(X=1048576.000 Y=1048576.000 Z=1048576.000) RuntimeBounds:IsValid=true, Min=(X=-1048576.000 Y=-1048576.000 Z=-1048576.000), Max=(X=1048576.000 Y=1048576.000 Z=1048576.000) RuntimeGrid:None EditorOnly:false RuntimeOnly:false HLODRelevant:false ListedInSceneOutliner:true IsMainWorldOnly:false FolderPath:Lighting FolderGuid:4C9334684BA61B42C769F799D2576455
 |   |   |- Guid:CCDD89584E0A9025F52AEDA51D60CA54 NativeClass:/Script/NavigationSystem.NavMeshBoundsVolume Name:NavMeshBoundsVolume_1 Label:NavMeshBoundsVolume SpatiallyLoaded:false EditorBounds:IsValid=true, Min=(X=-100.000 Y=-100.000 Z=-110.000), Max=(X=3100.000 Y=3600.000 Z=390.000) RuntimeBounds:IsValid=true, Min=(X=-100.000 Y=-100.000 Z=-110.000), Max=(X=3100.000 Y=3600.000 Z=390.000) RuntimeGrid:None EditorOnly:false RuntimeOnly:false HLODRelevant:false ListedInSceneOutliner:true IsMainWorldOnly:false FolderPath:Navigation FolderGuid:AE45D61F453CC144CF8289862C276E89
 |   |   |- Guid:D24D61B944EF71BE7BC469B7EB239299 NativeClass:/Script/Engine.ExponentialHeightFog Name:ExponentialHeightFog_1 Label:ExponentialHeightFog SpatiallyLoaded:false EditorBounds:IsValid=true, Min=(X=-5600.000 Y=-50.000 Z=-6850.000), Max=(X=-5600.000 Y=-50.000 Z=-6850.000) RuntimeBounds:IsValid=true, Min=(X=-5600.000 Y=-50.000 Z=-6850.000), Max=(X=-5600.000 Y=-50.000 Z=-6850.000) RuntimeGrid:None EditorOnly:false RuntimeOnly:false HLODRelevant:false ListedInSceneOutliner:true IsMainWorldOnly:false FolderPath:Lighting FolderGuid:4C9334684BA61B42C769F799D2576455
 |   |   |- Guid:E293E2D4472DE8DDD4772DA8B09244F8 BaseClass:/Game/Items/BPA_BaseItem.BPA_BaseItem_C NativeClass:/Script/Engine.Actor Name:BPA_BaseItem_C_UAID_3C7C3F2E1245466802_1647339640 Label:BPA_BaseItem10 SpatiallyLoaded:true EditorBounds:IsValid=true, Min=(X=1376.282 Y=1856.282 Z=-24.000), Max=(X=1403.718 Y=1883.718 Z=64.000) RuntimeBounds:IsValid=true, Min=(X=1376.282 Y=1856.282 Z=-24.000), Max=(X=1403.718 Y=1883.718 Z=64.000) RuntimeGrid:None EditorOnly:false RuntimeOnly:false HLODRelevant:false ListedInSceneOutliner:true IsMainWorldOnly:false
 |   |   |- Guid:ED702DEB4F4A6D94A5DB4F9C337C2079 NativeClass:/Script/Engine.TextRenderActor Name:TextRenderActor_0 Label:TextRenderActor SpatiallyLoaded:true EditorBounds:IsValid=true, Min=(X=-0.100 Y=1100.000 Z=65.013), Max=(X=-0.100 Y=2225.000 Z=215.013) RuntimeBounds:IsValid=true, Min=(X=-0.100 Y=1100.000 Z=65.013), Max=(X=-0.100 Y=2225.000 Z=215.013) RuntimeGrid:None EditorOnly:false RuntimeOnly:false HLODRelevant:false ListedInSceneOutliner:true IsMainWorldOnly:false
 |   |   |- Guid:EE996F174298BFDDC5FFCC935FFFE371 BaseClass:/Game/Items/BPA_BaseItem.BPA_BaseItem_C NativeClass:/Script/Engine.Actor Name:BPA_BaseItem_C_UAID_3C7C3F2E1245466802_1645292639 Label:BPA_BaseItem9 SpatiallyLoaded:true EditorBounds:IsValid=true, Min=(X=1376.282 Y=1752.413 Z=-24.000), Max=(X=1403.718 Y=1779.850 Z=64.000) RuntimeBounds:IsValid=true, Min=(X=1376.282 Y=1752.413 Z=-24.000), Max=(X=1403.718 Y=1779.850 Z=64.000) RuntimeGrid:None EditorOnly:false RuntimeOnly:false HLODRelevant:false ListedInSceneOutliner:true IsMainWorldOnly:false
 |   |   |- Guid:F33CC5014C49925B3A9D52A063AF483F NativeClass:/Script/Engine.PlayerStart Name:PlayerStart_0 Label:PlayerStart SpatiallyLoaded:false EditorBounds:IsValid=true, Min=(X=523.335 Y=2133.387 Z=142.117), Max=(X=891.335 Y=2389.387 Z=398.117) RuntimeBounds:IsValid=true, Min=(X=611.335 Y=2221.387 Z=178.117), Max=(X=691.335 Y=2301.387 Z=362.117) RuntimeGrid:None EditorOnly:false RuntimeOnly:false HLODRelevant:false ListedInSceneOutliner:true IsMainWorldOnly:false
 |   |   |- Guid:F3AC826840CCCFF4E8EA1795FEE8E739 BaseClass:/Game/Characters/Enemys/BP_Enemy.BP_Enemy_C NativeClass:/Script/Engine.Character Name:BP_Enemy_C_UAID_3C7C3F2E1245A26302_1395761551 Label:BP_Enemy2 SpatiallyLoaded:true EditorBounds:IsValid=true, Min=(X=1105.280 Y=2041.000 Z=7.657), Max=(X=1360.000 Y=2199.000 Z=206.745) RuntimeBounds:IsValid=true, Min=(X=1105.280 Y=2070.625 Z=7.657), Max=(X=1187.500 Y=2169.375 Z=206.745) RuntimeGrid:None EditorOnly:false RuntimeOnly:false HLODRelevant:false ListedInSceneOutliner:true IsMainWorldOnly:false
 |   |- [+] Clusters:
 |   |   |- [+] [  0]
 |   |   |   |- Guid:003581E94333A20B7F97908C5690C8D8 BaseClass:/Game/UnclassedBlueprints/BP_Teleport.BP_Teleport_C NativeClass:/Script/Engine.Actor Name:BP_Teleport_C_UAID_3C7C3F2E1245ED6702_1262272975 Label:BP_Teleport2 SpatiallyLoaded:true EditorBounds:IsValid=true, Min=(X=1347.297 Y=2531.453 Z=13.000), Max=(X=1404.522 Y=2582.488 Z=29.000) RuntimeBounds:IsValid=true, Min=(X=1347.297 Y=2531.453 Z=13.000), Max=(X=1404.522 Y=2582.488 Z=29.000) RuntimeGrid:None EditorOnly:false RuntimeOnly:false HLODRelevant:false ListedInSceneOutliner:true IsMainWorldOnly:false
 |   |   |- [+] [  1]
 |   |   |   |- Guid:147C8D134B12D635012D5F8C57D2C96F NativeClass:/Script/Engine.PostProcessVolume Name:PostProcessVolume_1 Label:PostProcessVolume SpatiallyLoaded:false EditorBounds:IsValid=true, Min=(X=0.000 Y=0.000 Z=400.000), Max=(X=200.000 Y=200.000 Z=600.000) RuntimeBounds:IsValid=true, Min=(X=0.000 Y=0.000 Z=400.000), Max=(X=200.000 Y=200.000 Z=600.000) RuntimeGrid:None EditorOnly:false RuntimeOnly:false HLODRelevant:false ListedInSceneOutliner:true IsMainWorldOnly:false FolderPath:Lighting FolderGuid:4C9334684BA61B42C769F799D2576455
 |   |   |- [+] [  2]
 |   |   |   |- Guid:1742DF43475F097453197AA79C7473D9 NativeClass:/Script/Engine.SkyLight Name:SkyLight_1 Label:SkyLight SpatiallyLoaded:false EditorBounds:IsValid=true, Min=(X=0.000 Y=0.000 Z=690.000), Max=(X=0.000 Y=0.000 Z=690.000) RuntimeBounds:IsValid=true, Min=(X=0.000 Y=0.000 Z=690.000), Max=(X=0.000 Y=0.000 Z=690.000) RuntimeGrid:None EditorOnly:false RuntimeOnly:false HLODRelevant:false ListedInSceneOutliner:true IsMainWorldOnly:false FolderPath:Lighting FolderGuid:4C9334684BA61B42C769F799D2576455
 |   |   |- [+] [  3]
 |   |   |   |- Guid:1FEC8FAC495CEF0CE32492ADCBB96BAE NativeClass:/Script/AIModule.NavLinkProxy Name:NavLinkProxy_3 Label:NavLinkProxy3 SpatiallyLoaded:true EditorBounds:IsValid=true, Min=(X=2240.000 Y=1030.000 Z=90.000), Max=(X=2240.000 Y=1030.000 Z=90.000) RuntimeBounds:IsValid=true, Min=(X=2240.000 Y=1030.000 Z=90.000), Max=(X=2240.000 Y=1030.000 Z=90.000) RuntimeGrid:None EditorOnly:false RuntimeOnly:false HLODRelevant:false ListedInSceneOutliner:true IsMainWorldOnly:false FolderPath:Navigation FolderGuid:AE45D61F453CC144CF8289862C276E89
 |   |   |- [+] [  4]
 |   |   |   |- Guid:2DF0D95440BE0EDA81652F860DC7268E NativeClass:/Script/Engine.WorldDataLayers Name:WorldDataLayers Label:WorldDataLayers SpatiallyLoaded:false EditorBounds:IsValid=true, Min=(X=0.000 Y=0.000 Z=0.000), Max=(X=0.000 Y=0.000 Z=0.000) RuntimeBounds:IsValid=true, Min=(X=0.000 Y=0.000 Z=0.000), Max=(X=0.000 Y=0.000 Z=0.000) RuntimeGrid:None EditorOnly:false RuntimeOnly:false HLODRelevant:false ListedInSceneOutliner:true IsMainWorldOnly:true
 |   |   |- [+] [  5]
 |   |   |   |- Guid:3867417344EDEF53F85A959D24616653 NativeClass:/Script/Paper2D.PaperTileMapActor Name:PaperTileMapActor_UAID_3C7C3F2E1245A06202_2000751144 Label:TM_Base SpatiallyLoaded:true EditorBounds:IsValid=true, Min=(X=812.000 Y=1534.000 Z=-100.000), Max=(X=1836.000 Y=2558.000 Z=100.000) RuntimeBounds:IsValid=true, Min=(X=812.000 Y=1534.000 Z=-100.000), Max=(X=1836.000 Y=2558.000 Z=100.000) RuntimeGrid:None EditorOnly:false RuntimeOnly:false HLODRelevant:false ListedInSceneOutliner:true IsMainWorldOnly:false
 |   |   |- [+] [  6]
 |   |   |   |- Guid:395212694483D145794539B87CF628A9 BaseClass:/Game/UnclassedBlueprints/BP_Teleport.BP_Teleport_C NativeClass:/Script/Engine.Actor Name:BP_Teleport_C_UAID_3C7C3F2E1245E86702_1323108095 Label:BP_Teleport SpatiallyLoaded:true EditorBounds:IsValid=true, Min=(X=-31.535 Y=-37.725 Z=-8.000), Max=(X=19.500 Y=19.500 Z=8.000) RuntimeBounds:IsValid=true, Min=(X=-31.535 Y=-37.725 Z=-8.000), Max=(X=19.500 Y=19.500 Z=8.000) RuntimeGrid:None EditorOnly:false RuntimeOnly:false HLODRelevant:false ListedInSceneOutliner:true IsMainWorldOnly:false
 |   |   |- [+] [  7]
 |   |   |   |- Guid:3C7A93694753FC27B7987E92E2AC74C5 BaseClass:/Game/Items/BPA_BaseItem.BPA_BaseItem_C NativeClass:/Script/Engine.Actor Name:BPA_BaseItem_C_UAID_3C7C3F2E1245F66202_1805652280 Label:BPA_BaseItem5 SpatiallyLoaded:true EditorBounds:IsValid=true, Min=(X=1376.282 Y=1804.815 Z=-24.000), Max=(X=1403.718 Y=1832.252 Z=64.000) RuntimeBounds:IsValid=true, Min=(X=1376.282 Y=1804.815 Z=-24.000), Max=(X=1403.718 Y=1832.252 Z=64.000) RuntimeGrid:None EditorOnly:false RuntimeOnly:false HLODRelevant:false ListedInSceneOutliner:true IsMainWorldOnly:false
 |   |   |- [+] [  8]
 |   |   |   |- Guid:493EA07C461415BB6DBDB38584547047 NativeClass:/Script/NavigationSystem.RecastNavMesh Name:RecastNavMesh_UAID_3C7C3F2E12459E6202-Default Label:RecastNavMesh-Default SpatiallyLoaded:false EditorBounds:IsValid=true, Min=(X=0.000 Y=0.000 Z=0.000), Max=(X=0.000 Y=0.000 Z=0.000) RuntimeBounds:IsValid=true, Min=(X=0.000 Y=0.000 Z=0.000), Max=(X=0.000 Y=0.000 Z=0.000) RuntimeGrid:None EditorOnly:false RuntimeOnly:false HLODRelevant:false ListedInSceneOutliner:true IsMainWorldOnly:false
 |   |   |- [+] [  9]
 |   |   |   |- Guid:5F864C3448D50560D88F60AB97823365 BaseClass:/Game/Characters/Enemys/BP_Enemy.BP_Enemy_C NativeClass:/Script/Engine.Character Name:BP_Enemy_C_UAID_3C7C3F2E1245A26302_1397156552 Label:BP_Enemy3 SpatiallyLoaded:true EditorBounds:IsValid=true, Min=(X=1085.280 Y=1841.000 Z=7.657), Max=(X=1340.000 Y=1999.000 Z=206.745) RuntimeBounds:IsValid=true, Min=(X=1085.280 Y=1870.625 Z=7.657), Max=(X=1167.500 Y=1969.375 Z=206.745) RuntimeGrid:None EditorOnly:false RuntimeOnly:false HLODRelevant:false ListedInSceneOutliner:true IsMainWorldOnly:false
 |   |   |- [+] [ 10]
 |   |   |   |- Guid:6252C7D64ACF162A73EE65B11FE214D1 NativeClass:/Script/Engine.SkyAtmosphere Name:SkyAtmosphere_1 Label:SkyAtmosphere SpatiallyLoaded:false EditorBounds:IsValid=true, Min=(X=0.000 Y=0.000 Z=1020.000), Max=(X=0.000 Y=0.000 Z=1020.000) RuntimeBounds:IsValid=true, Min=(X=0.000 Y=0.000 Z=1020.000), Max=(X=0.000 Y=0.000 Z=1020.000) RuntimeGrid:None EditorOnly:false RuntimeOnly:false HLODRelevant:false ListedInSceneOutliner:true IsMainWorldOnly:false FolderPath:Lighting FolderGuid:4C9334684BA61B42C769F799D2576455
 |   |   |- [+] [ 11]
 |   |   |   |- Guid:767BA7234672B3AFA7F5009441A2A102 BaseClass:/Game/Characters/Enemys/BP_Enemy.BP_Enemy_C NativeClass:/Script/Engine.Character Name:BP_Enemy_C_UAID_3C7C3F2E1245FF6202_2139561868 Label:BP_Enemy SpatiallyLoaded:true EditorBounds:IsValid=true, Min=(X=1215.280 Y=1961.000 Z=7.657), Max=(X=1470.000 Y=2119.000 Z=206.745) RuntimeBounds:IsValid=true, Min=(X=1215.280 Y=1990.625 Z=7.657), Max=(X=1297.500 Y=2089.375 Z=206.745) RuntimeGrid:None EditorOnly:false RuntimeOnly:false HLODRelevant:false ListedInSceneOutliner:true IsMainWorldOnly:false
 |   |   |- [+] [ 12]
 |   |   |   |- Guid:77F893B3468595EE782136AD620D7EF4 NativeClass:/Script/Engine.VolumetricCloud Name:VolumetricCloud_0 Label:VolumetricCloud SpatiallyLoaded:false EditorBounds:IsValid=true, Min=(X=0.000 Y=0.000 Z=820.000), Max=(X=0.000 Y=0.000 Z=820.000) RuntimeBounds:IsValid=true, Min=(X=0.000 Y=0.000 Z=820.000), Max=(X=0.000 Y=0.000 Z=820.000) RuntimeGrid:None EditorOnly:false RuntimeOnly:false HLODRelevant:false ListedInSceneOutliner:true IsMainWorldOnly:false FolderPath:Lighting FolderGuid:4C9334684BA61B42C769F799D2576455
 |   |   |- [+] [ 13]
 |   |   |   |- Guid:804B8B994ADECF7A9966AD858458B07B BaseClass:/Game/Items/BPA_BaseItem.BPA_BaseItem_C NativeClass:/Script/Engine.Actor Name:BPA_BaseItem_C_UAID_3C7C3F2E1245F96202_2061949810 Label:BPA_BaseItem7 SpatiallyLoaded:true EditorBounds:IsValid=true, Min=(X=1306.282 Y=2186.282 Z=-24.000), Max=(X=1333.718 Y=2213.718 Z=64.000) RuntimeBounds:IsValid=true, Min=(X=1306.282 Y=2186.282 Z=-24.000), Max=(X=1333.718 Y=2213.718 Z=64.000) RuntimeGrid:None EditorOnly:false RuntimeOnly:false HLODRelevant:false ListedInSceneOutliner:true IsMainWorldOnly:false
 |   |   |- [+] [ 14]
 |   |   |   |- Guid:8149F2B84F2EE4692C89E687DB85C74B BaseClass:/Game/VillageLocation/BP_DoctorZone.BP_DoctorZone_C NativeClass:/Script/Engine.Actor Name:BP_DoctorZone_C_UAID_3C7C3F2E1245406902_1549638640 Label:BP_DoctorZone SpatiallyLoaded:true EditorBounds:IsValid=true, Min=(X=1473.260 Y=2049.692 Z=-35.000), Max=(X=1489.260 Y=2065.692 Z=77.000) RuntimeBounds:IsValid=true, Min=(X=1473.260 Y=2049.692 Z=-35.000), Max=(X=1489.260 Y=2065.692 Z=77.000) RuntimeGrid:None EditorOnly:false RuntimeOnly:false HLODRelevant:false ListedInSceneOutliner:true IsMainWorldOnly:false
 |   |   |- [+] [ 15]
 |   |   |   |- Guid:97ADDD0B4F92CBD589371D8C29007F31 BaseClass:/Game/Items/BPA_BaseItem.BPA_BaseItem_C NativeClass:/Script/Engine.Actor Name:BPA_BaseItem_C_UAID_3C7C3F2E1245FB6202_1639855163 Label:BPA_BaseItem8 SpatiallyLoaded:true EditorBounds:IsValid=true, Min=(X=1376.282 Y=2186.282 Z=-24.000), Max=(X=1403.718 Y=2213.718 Z=64.000) RuntimeBounds:IsValid=true, Min=(X=1376.282 Y=2186.282 Z=-24.000), Max=(X=1403.718 Y=2213.718 Z=64.000) RuntimeGrid:None EditorOnly:false RuntimeOnly:false HLODRelevant:false ListedInSceneOutliner:true IsMainWorldOnly:false
 |   |   |- [+] [ 16]
 |   |   |   |- Guid:99DD3C34424CAC3DFD3B279925493762 NativeClass:/Script/Paper2D.PaperSpriteActor Name:PaperSpriteActor_UAID_3C7C3F2E1245476902_1464532873 Label:6_Sprite SpatiallyLoaded:true EditorBounds:IsValid=true, Min=(X=1386.716 Y=2382.447 Z=17.000), Max=(X=1391.716 Y=2392.447 Z=25.000) RuntimeBounds:IsValid=true, Min=(X=1386.716 Y=2382.447 Z=17.000), Max=(X=1391.716 Y=2392.447 Z=25.000) RuntimeGrid:None EditorOnly:false RuntimeOnly:false HLODRelevant:false ListedInSceneOutliner:true IsMainWorldOnly:false
 |   |   |- [+] [ 17]
 |   |   |   |- Guid:AECEEEE741E6DE68F6843FA49564A956 NativeClass:/Script/Engine.DirectionalLight Name:DirectionalLight_1 Label:DirectionalLight SpatiallyLoaded:false EditorBounds:IsValid=true, Min=(X=-1048576.000 Y=-1048576.000 Z=-1048576.000), Max=(X=1048576.000 Y=1048576.000 Z=1048576.000) RuntimeBounds:IsValid=true, Min=(X=-1048576.000 Y=-1048576.000 Z=-1048576.000), Max=(X=1048576.000 Y=1048576.000 Z=1048576.000) RuntimeGrid:None EditorOnly:false RuntimeOnly:false HLODRelevant:false ListedInSceneOutliner:true IsMainWorldOnly:false FolderPath:Lighting FolderGuid:4C9334684BA61B42C769F799D2576455
 |   |   |- [+] [ 18]
 |   |   |   |- Guid:CCDD89584E0A9025F52AEDA51D60CA54 NativeClass:/Script/NavigationSystem.NavMeshBoundsVolume Name:NavMeshBoundsVolume_1 Label:NavMeshBoundsVolume SpatiallyLoaded:false EditorBounds:IsValid=true, Min=(X=-100.000 Y=-100.000 Z=-110.000), Max=(X=3100.000 Y=3600.000 Z=390.000) RuntimeBounds:IsValid=true, Min=(X=-100.000 Y=-100.000 Z=-110.000), Max=(X=3100.000 Y=3600.000 Z=390.000) RuntimeGrid:None EditorOnly:false RuntimeOnly:false HLODRelevant:false ListedInSceneOutliner:true IsMainWorldOnly:false FolderPath:Navigation FolderGuid:AE45D61F453CC144CF8289862C276E89
 |   |   |- [+] [ 19]
 |   |   |   |- Guid:D24D61B944EF71BE7BC469B7EB239299 NativeClass:/Script/Engine.ExponentialHeightFog Name:ExponentialHeightFog_1 Label:ExponentialHeightFog SpatiallyLoaded:false EditorBounds:IsValid=true, Min=(X=-5600.000 Y=-50.000 Z=-6850.000), Max=(X=-5600.000 Y=-50.000 Z=-6850.000) RuntimeBounds:IsValid=true, Min=(X=-5600.000 Y=-50.000 Z=-6850.000), Max=(X=-5600.000 Y=-50.000 Z=-6850.000) RuntimeGrid:None EditorOnly:false RuntimeOnly:false HLODRelevant:false ListedInSceneOutliner:true IsMainWorldOnly:false FolderPath:Lighting FolderGuid:4C9334684BA61B42C769F799D2576455
 |   |   |- [+] [ 20]
 |   |   |   |- Guid:E293E2D4472DE8DDD4772DA8B09244F8 BaseClass:/Game/Items/BPA_BaseItem.BPA_BaseItem_C NativeClass:/Script/Engine.Actor Name:BPA_BaseItem_C_UAID_3C7C3F2E1245466802_1647339640 Label:BPA_BaseItem10 SpatiallyLoaded:true EditorBounds:IsValid=true, Min=(X=1376.282 Y=1856.282 Z=-24.000), Max=(X=1403.718 Y=1883.718 Z=64.000) RuntimeBounds:IsValid=true, Min=(X=1376.282 Y=1856.282 Z=-24.000), Max=(X=1403.718 Y=1883.718 Z=64.000) RuntimeGrid:None EditorOnly:false RuntimeOnly:false HLODRelevant:false ListedInSceneOutliner:true IsMainWorldOnly:false
 |   |   |- [+] [ 21]
 |   |   |   |- Guid:ED702DEB4F4A6D94A5DB4F9C337C2079 NativeClass:/Script/Engine.TextRenderActor Name:TextRenderActor_0 Label:TextRenderActor SpatiallyLoaded:true EditorBounds:IsValid=true, Min=(X=-0.100 Y=1100.000 Z=65.013), Max=(X=-0.100 Y=2225.000 Z=215.013) RuntimeBounds:IsValid=true, Min=(X=-0.100 Y=1100.000 Z=65.013), Max=(X=-0.100 Y=2225.000 Z=215.013) RuntimeGrid:None EditorOnly:false RuntimeOnly:false HLODRelevant:false ListedInSceneOutliner:true IsMainWorldOnly:false
 |   |   |- [+] [ 22]
 |   |   |   |- Guid:EE996F174298BFDDC5FFCC935FFFE371 BaseClass:/Game/Items/BPA_BaseItem.BPA_BaseItem_C NativeClass:/Script/Engine.Actor Name:BPA_BaseItem_C_UAID_3C7C3F2E1245466802_1645292639 Label:BPA_BaseItem9 SpatiallyLoaded:true EditorBounds:IsValid=true, Min=(X=1376.282 Y=1752.413 Z=-24.000), Max=(X=1403.718 Y=1779.850 Z=64.000) RuntimeBounds:IsValid=true, Min=(X=1376.282 Y=1752.413 Z=-24.000), Max=(X=1403.718 Y=1779.850 Z=64.000) RuntimeGrid:None EditorOnly:false RuntimeOnly:false HLODRelevant:false ListedInSceneOutliner:true IsMainWorldOnly:false
 |   |   |- [+] [ 23]
 |   |   |   |- Guid:F33CC5014C49925B3A9D52A063AF483F NativeClass:/Script/Engine.PlayerStart Name:PlayerStart_0 Label:PlayerStart SpatiallyLoaded:false EditorBounds:IsValid=true, Min=(X=523.335 Y=2133.387 Z=142.117), Max=(X=891.335 Y=2389.387 Z=398.117) RuntimeBounds:IsValid=true, Min=(X=611.335 Y=2221.387 Z=178.117), Max=(X=691.335 Y=2301.387 Z=362.117) RuntimeGrid:None EditorOnly:false RuntimeOnly:false HLODRelevant:false ListedInSceneOutliner:true IsMainWorldOnly:false
 |   |   |- [+] [ 24]
 |   |   |   |- Guid:F3AC826840CCCFF4E8EA1795FEE8E739 BaseClass:/Game/Characters/Enemys/BP_Enemy.BP_Enemy_C NativeClass:/Script/Engine.Character Name:BP_Enemy_C_UAID_3C7C3F2E1245A26302_1395761551 Label:BP_Enemy2 SpatiallyLoaded:true EditorBounds:IsValid=true, Min=(X=1105.280 Y=2041.000 Z=7.657), Max=(X=1360.000 Y=2199.000 Z=206.745) RuntimeBounds:IsValid=true, Min=(X=1105.280 Y=2070.625 Z=7.657), Max=(X=1187.500 Y=2169.375 Z=206.745) RuntimeGrid:None EditorOnly:false RuntimeOnly:false HLODRelevant:false ListedInSceneOutliner:true IsMainWorldOnly:false
 |- ContainerInstances:
 |- [+] MainContainer:
 |   |-        ID: 00000000000000000000000000000000
 |   |-  ParentID: 00000000000000000000000000000000
 |   |-    Bounds: IsValid=false, Min=(X=0.000 Y=0.000 Z=0.000), Max=(X=0.000 Y=0.000 Z=0.000)
 |   |- Transform: 0.000000,0.000000,0.000000|0.000000,0.000000,-0.000000|1.000000,1.000000,1.000000
 |   |- Container: /Game/TopDown/Maps/TopDownMap
----------------------------------------------------------------------------------------------------------------
TopDownMap - Persistent Level
----------------------------------------------------------------------------------------------------------------
[+] Content of TopDownMap Persistent Level
 |- Always loaded Actor Count: 25 
 |- Actor Path: /Game/TopDown/Maps/TopDownMap.TopDownMap:PersistentLevel.BP_DoctorZone_C_UAID_3C7C3F2E1245406902_1549638640
 |- Actor Package: /Game/__ExternalActors__/TopDown/Maps/TopDownMap/1/DR/15H1YSSANKV6BCXEE5DJVU
 |- Actor Path: /Game/TopDown/Maps/TopDownMap.TopDownMap:PersistentLevel.BP_Enemy_C_UAID_3C7C3F2E1245A26302_1395761551
 |- Actor Package: /Game/__ExternalActors__/TopDown/Maps/TopDownMap/8/1C/J7RUMJCCWUU6Z6AX2GHZP0
 |- Actor Path: /Game/TopDown/Maps/TopDownMap.TopDownMap:PersistentLevel.BP_Enemy_C_UAID_3C7C3F2E1245A26302_1397156552
 |- Actor Package: /Game/__ExternalActors__/TopDown/Maps/TopDownMap/B/PE/N9KW3QS3NI4G7BP1V4ZOXQ
 |- Actor Path: /Game/TopDown/Maps/TopDownMap.TopDownMap:PersistentLevel.BP_Enemy_C_UAID_3C7C3F2E1245FF6202_2139561868
 |- Actor Package: /Game/__ExternalActors__/TopDown/Maps/TopDownMap/E/MB/R55J4HU999JBDJO6WRNXTP
 |- Actor Path: /Game/TopDown/Maps/TopDownMap.TopDownMap:PersistentLevel.BP_Teleport_C_UAID_3C7C3F2E1245E86702_1323108095
 |- Actor Package: /Game/__ExternalActors__/TopDown/Maps/TopDownMap/5/TS/BRXVEQ4NHEDMR1ESULW2MU
 |- Actor Path: /Game/TopDown/Maps/TopDownMap.TopDownMap:PersistentLevel.BP_Teleport_C_UAID_3C7C3F2E1245ED6702_1262272975
 |- Actor Package: /Game/__ExternalActors__/TopDown/Maps/TopDownMap/7/TR/9O3LLAHRK3QJPKDMVSZ963
 |- Actor Path: /Game/TopDown/Maps/TopDownMap.TopDownMap:PersistentLevel.BPA_BaseItem_C_UAID_3C7C3F2E1245466802_1645292639
 |- Actor Package: /Game/__ExternalActors__/TopDown/Maps/TopDownMap/7/Q0/X0VBW01741FWUA2Q7IG24P
 |- Actor Path: /Game/TopDown/Maps/TopDownMap.TopDownMap:PersistentLevel.BPA_BaseItem_C_UAID_3C7C3F2E1245466802_1647339640
 |- Actor Package: /Game/__ExternalActors__/TopDown/Maps/TopDownMap/C/7U/BTEZGHZSS6PFRQRH2M0UMY
 |- Actor Path: /Game/TopDown/Maps/TopDownMap.TopDownMap:PersistentLevel.BPA_BaseItem_C_UAID_3C7C3F2E1245F66202_1805652280
 |- Actor Package: /Game/__ExternalActors__/TopDown/Maps/TopDownMap/4/F9/5B9K6G4T93OYFQF31YBRRJ
 |- Actor Path: /Game/TopDown/Maps/TopDownMap.TopDownMap:PersistentLevel.BPA_BaseItem_C_UAID_3C7C3F2E1245F96202_2061949810
 |- Actor Package: /Game/__ExternalActors__/TopDown/Maps/TopDownMap/9/YD/3QKI3PL58UWJNIP3VJK80Q
 |- Actor Path: /Game/TopDown/Maps/TopDownMap.TopDownMap:PersistentLevel.BPA_BaseItem_C_UAID_3C7C3F2E1245FB6202_1639855163
 |- Actor Package: /Game/__ExternalActors__/TopDown/Maps/TopDownMap/B/WH/Y48F1HCLY8NUWG8MBL8ZW1
 |- Actor Path: /Game/TopDown/Maps/TopDownMap.TopDownMap:PersistentLevel.DirectionalLight_1
 |- Actor Package: /Game/__ExternalActors__/TopDown/Maps/TopDownMap/A/LM/VRK8UAZR3J2TAKS74SHCUD
 |- Actor Path: /Game/TopDown/Maps/TopDownMap.TopDownMap:PersistentLevel.ExponentialHeightFog_1
 |- Actor Package: /Game/__ExternalActors__/TopDown/Maps/TopDownMap/6/BO/BYV4KSLUROOOL33DU1XUWQ
 |- Actor Path: /Game/TopDown/Maps/TopDownMap.TopDownMap:PersistentLevel.NavLinkProxy_3
 |- Actor Package: /Game/__ExternalActors__/TopDown/Maps/TopDownMap/5/UT/JRUWL9PVCAH3XSUMXP4CC1
 |- Actor Path: /Game/TopDown/Maps/TopDownMap.TopDownMap:PersistentLevel.NavMeshBoundsVolume_1
 |- Actor Package: /Game/__ExternalActors__/TopDown/Maps/TopDownMap/0/QS/8AKCSH4RXXQHHQMCR8GO6C
 |- Actor Path: /Game/TopDown/Maps/TopDownMap.TopDownMap:PersistentLevel.PaperSpriteActor_UAID_3C7C3F2E1245476902_1464532873
 |- Actor Package: /Game/__ExternalActors__/TopDown/Maps/TopDownMap/7/CX/XVQF7EDQB1RM61GG5OCSBA
 |- Actor Path: /Game/TopDown/Maps/TopDownMap.TopDownMap:PersistentLevel.PaperTileMapActor_UAID_3C7C3F2E1245A06202_2000751144
 |- Actor Package: /Game/__ExternalActors__/TopDown/Maps/TopDownMap/9/QQ/CX0647CLJRINS6Q8C8160E
 |- Actor Path: /Game/TopDown/Maps/TopDownMap.TopDownMap:PersistentLevel.PlayerStart_0
 |- Actor Package: /Game/__ExternalActors__/TopDown/Maps/TopDownMap/6/OI/H4CYGWRMJ49ZI6AS2GNGQY
 |- Actor Path: /Game/TopDown/Maps/TopDownMap.TopDownMap:PersistentLevel.PostProcessVolume_1
 |- Actor Package: /Game/__ExternalActors__/TopDown/Maps/TopDownMap/6/VI/ESHAVRHFZFA2JDR9ZAQIOE
 |- Actor Path: /Game/TopDown/Maps/TopDownMap.TopDownMap:PersistentLevel.RecastNavMesh_UAID_3C7C3F2E12459E6202-Default
 |- Actor Package: /Game/__ExternalActors__/TopDown/Maps/TopDownMap/C/Y6/7VWE8MP6LAFWFTP5JZ4G01
 |- Actor Path: /Game/TopDown/Maps/TopDownMap.TopDownMap:PersistentLevel.SkyAtmosphere_1
 |- Actor Package: /Game/__ExternalActors__/TopDown/Maps/TopDownMap/5/YN/TCNGOWDVRBFBJ5YZR7VI7S
 |- Actor Path: /Game/TopDown/Maps/TopDownMap.TopDownMap:PersistentLevel.SkyLight_1
 |- Actor Package: /Game/__ExternalActors__/TopDown/Maps/TopDownMap/E/LR/47NTFRDFK6M7265A1UYTOW
 |- Actor Path: /Game/TopDown/Maps/TopDownMap.TopDownMap:PersistentLevel.TextRenderActor_0
 |- Actor Package: /Game/__ExternalActors__/TopDown/Maps/TopDownMap/9/FY/45JOQ38QR4K2P62IGCH99F
 |- Actor Path: /Game/TopDown/Maps/TopDownMap.TopDownMap:PersistentLevel.VolumetricCloud_0
 |- Actor Package: /Game/__ExternalActors__/TopDown/Maps/TopDownMap/6/GY/HOVAYB977GD5L9YGZ5S1T6
 |- Actor Path: /Game/TopDown/Maps/TopDownMap.TopDownMap:PersistentLevel.WorldDataLayers
 |- Actor Package: /Game/__ExternalActors__/TopDown/Maps/TopDownMap/A/RN/FHX05LPSBNMAJG3SW97PS7

----------------------------------------------------------------------------------------------------------------
TopDownMap - Runtime Hash Set
----------------------------------------------------------------------------------------------------------------

