[+] Containers:
 |- [+] Container: /Game/TopDown/Maps/TopDownMap
 |   |- [+] ActorDescs:
 |   |   |- Guid:147C8D134B12D635012D5F8C57D2C96F NativeClass:/Script/Engine.PostProcessVolume Name:PostProcessVolume_1 Label:PostProcessVolume SpatiallyLoaded:false EditorBounds:IsValid=true, Min=(X=0.000 Y=0.000 Z=400.000), Max=(X=200.000 Y=200.000 Z=600.000) RuntimeBounds:IsValid=true, Min=(X=0.000 Y=0.000 Z=400.000), Max=(X=200.000 Y=200.000 Z=600.000) RuntimeGrid:None EditorOnly:false RuntimeOnly:false HLODRelevant:false ListedInSceneOutliner:true IsMainWorldOnly:false FolderPath:Lighting FolderGuid:4C9334684BA61B42C769F799D2576455
 |   |   |- Guid:1742DF43475F097453197AA79C7473D9 NativeClass:/Script/Engine.SkyLight Name:SkyLight_1 Label:SkyLight SpatiallyLoaded:false EditorBounds:IsValid=true, Min=(X=0.000 Y=0.000 Z=690.000), Max=(X=0.000 Y=0.000 Z=690.000) RuntimeBounds:IsValid=true, Min=(X=0.000 Y=0.000 Z=690.000), Max=(X=0.000 Y=0.000 Z=690.000) RuntimeGrid:None EditorOnly:false RuntimeOnly:false HLODRelevant:false ListedInSceneOutliner:true IsMainWorldOnly:false FolderPath:Lighting FolderGuid:4C9334684BA61B42C769F799D2576455
 |   |   |- Guid:1FEC8FAC495CEF0CE32492ADCBB96BAE NativeClass:/Script/AIModule.NavLinkProxy Name:NavLinkProxy_3 Label:NavLinkProxy3 SpatiallyLoaded:true EditorBounds:IsValid=true, Min=(X=2240.000 Y=1030.000 Z=90.000), Max=(X=2240.000 Y=1030.000 Z=90.000) RuntimeBounds:IsValid=true, Min=(X=2240.000 Y=1030.000 Z=90.000), Max=(X=2240.000 Y=1030.000 Z=90.000) RuntimeGrid:None EditorOnly:false RuntimeOnly:false HLODRelevant:false ListedInSceneOutliner:true IsMainWorldOnly:false FolderPath:Navigation FolderGuid:AE45D61F453CC144CF8289862C276E89
 |   |   |- Guid:22CE31A44226E9369573E78CADAB2F95 NativeClass:/Script/Paper2D.PaperSpriteActor Name:PaperSpriteActor_UAID_3C7C3F2E1245D96902_2146733571 Label:4_Sprite SpatiallyLoaded:true EditorBounds:IsValid=true, Min=(X=1340.073 Y=2472.958 Z=63.602), Max=(X=1489.073 Y=2626.958 Z=73.602) RuntimeBounds:IsValid=true, Min=(X=1340.073 Y=2472.958 Z=63.602), Max=(X=1489.073 Y=2626.958 Z=73.602) RuntimeGrid:None EditorOnly:false RuntimeOnly:false HLODRelevant:false ListedInSceneOutliner:true IsMainWorldOnly:false
 |   |   |- Guid:2DF0D95440BE0EDA81652F860DC7268E NativeClass:/Script/Engine.WorldDataLayers Name:WorldDataLayers Label:WorldDataLayers SpatiallyLoaded:false EditorBounds:IsValid=true, Min=(X=0.000 Y=0.000 Z=0.000), Max=(X=0.000 Y=0.000 Z=0.000) RuntimeBounds:IsValid=true, Min=(X=0.000 Y=0.000 Z=0.000), Max=(X=0.000 Y=0.000 Z=0.000) RuntimeGrid:None EditorOnly:false RuntimeOnly:false HLODRelevant:false ListedInSceneOutliner:true IsMainWorldOnly:true
 |   |   |- Guid:3867417344EDEF53F85A959D24616653 NativeClass:/Script/Paper2D.PaperTileMapActor Name:PaperTileMapActor_UAID_3C7C3F2E1245A06202_2000751144 Label:TM_Base SpatiallyLoaded:true EditorBounds:IsValid=true, Min=(X=812.000 Y=1534.000 Z=-100.000), Max=(X=1836.000 Y=2558.000 Z=100.000) RuntimeBounds:IsValid=true, Min=(X=812.000 Y=1534.000 Z=-100.000), Max=(X=1836.000 Y=2558.000 Z=100.000) RuntimeGrid:None EditorOnly:false RuntimeOnly:false HLODRelevant:false ListedInSceneOutliner:true IsMainWorldOnly:false
 |   |   |- Guid:493EA07C461415BB6DBDB38584547047 NativeClass:/Script/NavigationSystem.RecastNavMesh Name:RecastNavMesh_UAID_3C7C3F2E12459E6202-Default Label:RecastNavMesh-Default SpatiallyLoaded:false EditorBounds:IsValid=true, Min=(X=0.000 Y=0.000 Z=0.000), Max=(X=0.000 Y=0.000 Z=0.000) RuntimeBounds:IsValid=true, Min=(X=0.000 Y=0.000 Z=0.000), Max=(X=0.000 Y=0.000 Z=0.000) RuntimeGrid:None EditorOnly:false RuntimeOnly:false HLODRelevant:false ListedInSceneOutliner:true IsMainWorldOnly:false
 |   |   |- Guid:6252C7D64ACF162A73EE65B11FE214D1 NativeClass:/Script/Engine.SkyAtmosphere Name:SkyAtmosphere_1 Label:SkyAtmosphere SpatiallyLoaded:false EditorBounds:IsValid=true, Min=(X=0.000 Y=0.000 Z=1020.000), Max=(X=0.000 Y=0.000 Z=1020.000) RuntimeBounds:IsValid=true, Min=(X=0.000 Y=0.000 Z=1020.000), Max=(X=0.000 Y=0.000 Z=1020.000) RuntimeGrid:None EditorOnly:false RuntimeOnly:false HLODRelevant:false ListedInSceneOutliner:true IsMainWorldOnly:false FolderPath:Lighting FolderGuid:4C9334684BA61B42C769F799D2576455
 |   |   |- Guid:77F893B3468595EE782136AD620D7EF4 NativeClass:/Script/Engine.VolumetricCloud Name:VolumetricCloud_0 Label:VolumetricCloud SpatiallyLoaded:false EditorBounds:IsValid=true, Min=(X=0.000 Y=0.000 Z=820.000), Max=(X=0.000 Y=0.000 Z=820.000) RuntimeBounds:IsValid=true, Min=(X=0.000 Y=0.000 Z=820.000), Max=(X=0.000 Y=0.000 Z=820.000) RuntimeGrid:None EditorOnly:false RuntimeOnly:false HLODRelevant:false ListedInSceneOutliner:true IsMainWorldOnly:false FolderPath:Lighting FolderGuid:4C9334684BA61B42C769F799D2576455
 |   |   |- Guid:7F95F95C48CE462F03BC9D856582160A NativeClass:/Script/Engine.AmbientSound Name:AmbientSound_UAID_3C7C3F2E1245D76902_1209574216 Label:BGVillage SpatiallyLoaded:true EditorBounds:IsValid=true, Min=(X=1787.476 Y=1586.018 Z=17.000), Max=(X=1787.476 Y=1586.018 Z=17.000) RuntimeBounds:IsValid=true, Min=(X=1787.476 Y=1586.018 Z=17.000), Max=(X=1787.476 Y=1586.018 Z=17.000) RuntimeGrid:None EditorOnly:false RuntimeOnly:false HLODRelevant:false ListedInSceneOutliner:true IsMainWorldOnly:false
 |   |   |- Guid:8D3B622946444C690A7964981839C528 NativeClass:/Script/Paper2D.PaperSpriteActor Name:PaperSpriteActor_UAID_3C7C3F2E1245DA6902_1258206749 Label:3_Sprite2 SpatiallyLoaded:true EditorBounds:IsValid=true, Min=(X=1437.139 Y=2177.985 Z=79.325), Max=(X=1499.139 Y=2242.985 Z=89.325) RuntimeBounds:IsValid=true, Min=(X=1437.139 Y=2177.985 Z=79.325), Max=(X=1499.139 Y=2242.985 Z=89.325) RuntimeGrid:None EditorOnly:false RuntimeOnly:false HLODRelevant:false ListedInSceneOutliner:true IsMainWorldOnly:false
 |   |   |- Guid:9D4F1AF94BEF9026BCDF9E8C8F51E004 BaseClass:/Game/UnclassedBlueprints/BP_Teleport.BP_Teleport_C NativeClass:/Script/Engine.Actor Name:BP_Teleport_C_UAID_3C7C3F2E1245D46902_2069048687 Label:BP_Teleport2 SpatiallyLoaded:true EditorBounds:IsValid=true, Min=(X=1193.814 Y=2363.781 Z=9.000), Max=(X=1289.958 Y=2453.781 Z=25.000) RuntimeBounds:IsValid=true, Min=(X=1193.814 Y=2363.781 Z=9.000), Max=(X=1289.958 Y=2453.781 Z=25.000) RuntimeGrid:None EditorOnly:false RuntimeOnly:false HLODRelevant:false ListedInSceneOutliner:true IsMainWorldOnly:false
 |   |   |- Guid:9E48F8B74BABAEDDD7B0D489D32D63A8 NativeClass:/Script/Paper2D.PaperSpriteActor Name:PaperSpriteActor_UAID_3C7C3F2E1245D96902_2083137570 Label:1_Sprite SpatiallyLoaded:true EditorBounds:IsValid=true, Min=(X=1218.477 Y=2032.979 Z=77.442), Max=(X=1358.477 Y=2177.979 Z=87.442) RuntimeBounds:IsValid=true, Min=(X=1218.477 Y=2032.979 Z=77.442), Max=(X=1358.477 Y=2177.979 Z=87.442) RuntimeGrid:None EditorOnly:false RuntimeOnly:false HLODRelevant:false ListedInSceneOutliner:true IsMainWorldOnly:false
 |   |   |- Guid:AECEEEE741E6DE68F6843FA49564A956 NativeClass:/Script/Engine.DirectionalLight Name:DirectionalLight_1 Label:DirectionalLight SpatiallyLoaded:false EditorBounds:IsValid=true, Min=(X=-1048576.000 Y=-1048576.000 Z=-1048576.000), Max=(X=1048576.000 Y=1048576.000 Z=1048576.000) RuntimeBounds:IsValid=true, Min=(X=-1048576.000 Y=-1048576.000 Z=-1048576.000), Max=(X=1048576.000 Y=1048576.000 Z=1048576.000) RuntimeGrid:None EditorOnly:false RuntimeOnly:false HLODRelevant:false ListedInSceneOutliner:true IsMainWorldOnly:false FolderPath:Lighting FolderGuid:4C9334684BA61B42C769F799D2576455
 |   |   |- Guid:CCDD89584E0A9025F52AEDA51D60CA54 NativeClass:/Script/NavigationSystem.NavMeshBoundsVolume Name:NavMeshBoundsVolume_1 Label:NavMeshBoundsVolume SpatiallyLoaded:false EditorBounds:IsValid=true, Min=(X=-100.000 Y=-100.000 Z=-110.000), Max=(X=3100.000 Y=3600.000 Z=390.000) RuntimeBounds:IsValid=true, Min=(X=-100.000 Y=-100.000 Z=-110.000), Max=(X=3100.000 Y=3600.000 Z=390.000) RuntimeGrid:None EditorOnly:false RuntimeOnly:false HLODRelevant:false ListedInSceneOutliner:true IsMainWorldOnly:false FolderPath:Navigation FolderGuid:AE45D61F453CC144CF8289862C276E89
 |   |   |- Guid:D24D61B944EF71BE7BC469B7EB239299 NativeClass:/Script/Engine.ExponentialHeightFog Name:ExponentialHeightFog_1 Label:ExponentialHeightFog SpatiallyLoaded:false EditorBounds:IsValid=true, Min=(X=-5600.000 Y=-50.000 Z=-6850.000), Max=(X=-5600.000 Y=-50.000 Z=-6850.000) RuntimeBounds:IsValid=true, Min=(X=-5600.000 Y=-50.000 Z=-6850.000), Max=(X=-5600.000 Y=-50.000 Z=-6850.000) RuntimeGrid:None EditorOnly:false RuntimeOnly:false HLODRelevant:false ListedInSceneOutliner:true IsMainWorldOnly:false FolderPath:Lighting FolderGuid:4C9334684BA61B42C769F799D2576455
 |   |   |- Guid:E351B74D490AF8CA3130F0859675448D BaseClass:/Game/VillageLocation/BP_DoctorZone.BP_DoctorZone_C NativeClass:/Script/Engine.Actor Name:BP_DoctorZone_C_UAID_3C7C3F2E1245F76902_1586715860 Label:BP_DoctorZone SpatiallyLoaded:true EditorBounds:IsValid=true, Min=(X=1557.783 Y=2041.628 Z=22.525), Max=(X=1598.283 Y=2071.628 Z=86.525) RuntimeBounds:IsValid=true, Min=(X=1557.783 Y=2041.628 Z=22.525), Max=(X=1598.283 Y=2071.628 Z=86.525) RuntimeGrid:None EditorOnly:false RuntimeOnly:false HLODRelevant:false ListedInSceneOutliner:true IsMainWorldOnly:false
 |   |   |- Guid:E40B16754C05EBC1297E8C8F5A6DD7CE BaseClass:/Game/VillageLocation/BP_TrainerZone.BP_TrainerZone_C NativeClass:/Script/Engine.Actor Name:BP_TrainerZone_C_UAID_3C7C3F2E1245F76902_1199589859 Label:BP_TrainerZone SpatiallyLoaded:true EditorBounds:IsValid=true, Min=(X=1190.178 Y=1948.042 Z=28.620), Max=(X=1254.178 Y=2012.042 Z=116.620) RuntimeBounds:IsValid=true, Min=(X=1190.178 Y=1948.042 Z=28.620), Max=(X=1254.178 Y=2012.042 Z=116.620) RuntimeGrid:None EditorOnly:false RuntimeOnly:false HLODRelevant:false ListedInSceneOutliner:true IsMainWorldOnly:false
 |   |   |- Guid:ED702DEB4F4A6D94A5DB4F9C337C2079 NativeClass:/Script/Engine.TextRenderActor Name:TextRenderActor_0 Label:TextRenderActor SpatiallyLoaded:true EditorBounds:IsValid=true, Min=(X=-0.100 Y=1100.000 Z=65.013), Max=(X=-0.100 Y=2225.000 Z=215.013) RuntimeBounds:IsValid=true, Min=(X=-0.100 Y=1100.000 Z=65.013), Max=(X=-0.100 Y=2225.000 Z=215.013) RuntimeGrid:None EditorOnly:false RuntimeOnly:false HLODRelevant:false ListedInSceneOutliner:true IsMainWorldOnly:false
 |   |   |- Guid:F0B0445F47F35FBDF06F168AEF9671B0 BaseClass:/Game/Characters/Enemys/BP_Enemy.BP_Enemy_C NativeClass:/Script/Engine.Character Name:BP_Enemy_C_UAID_3C7C3F2E12454B6A02_2007310631 Label:BP_Enemy SpatiallyLoaded:true EditorBounds:IsValid=true, Min=(X=1291.693 Y=2259.894 Z=19.402), Max=(X=1546.413 Y=2417.894 Z=218.490) RuntimeBounds:IsValid=true, Min=(X=1291.693 Y=2289.519 Z=19.402), Max=(X=1373.913 Y=2388.269 Z=218.490) RuntimeGrid:None EditorOnly:false RuntimeOnly:false HLODRelevant:false ListedInSceneOutliner:true IsMainWorldOnly:false
 |   |   |- Guid:F33CC5014C49925B3A9D52A063AF483F NativeClass:/Script/Engine.PlayerStart Name:PlayerStart_0 Label:PlayerStart SpatiallyLoaded:false EditorBounds:IsValid=true, Min=(X=906.872 Y=2133.387 Z=27.393), Max=(X=1274.872 Y=2389.387 Z=283.393) RuntimeBounds:IsValid=true, Min=(X=994.872 Y=2221.387 Z=63.393), Max=(X=1074.872 Y=2301.387 Z=247.393) RuntimeGrid:None EditorOnly:false RuntimeOnly:false HLODRelevant:false ListedInSceneOutliner:true IsMainWorldOnly:false
 |   |   |- Guid:F8FE0A9B45A4F847155C0D80C4771B0A NativeClass:/Script/Paper2D.PaperSpriteActor Name:PaperSpriteActor_UAID_3C7C3F2E1245DA6902_1211361748 Label:4_Sprite2 SpatiallyLoaded:true EditorBounds:IsValid=true, Min=(X=1433.368 Y=2111.975 Z=81.327), Max=(X=1504.368 Y=2175.975 Z=91.327) RuntimeBounds:IsValid=true, Min=(X=1433.368 Y=2111.975 Z=81.327), Max=(X=1504.368 Y=2175.975 Z=91.327) RuntimeGrid:None EditorOnly:false RuntimeOnly:false HLODRelevant:false ListedInSceneOutliner:true IsMainWorldOnly:false
 |   |   |- Guid:FC5FBE0F4E1593618246BF90D6756844 NativeClass:/Script/Paper2D.PaperSpriteActor Name:PaperSpriteActor_UAID_3C7C3F2E1245486902_1313285051 Label:3_Sprite SpatiallyLoaded:true EditorBounds:IsValid=true, Min=(X=1566.161 Y=1955.271 Z=66.435), Max=(X=1801.661 Y=2175.771 Z=76.435) RuntimeBounds:IsValid=true, Min=(X=1566.161 Y=1955.271 Z=66.435), Max=(X=1801.661 Y=2175.771 Z=76.435) RuntimeGrid:None EditorOnly:false RuntimeOnly:false HLODRelevant:false ListedInSceneOutliner:true IsMainWorldOnly:false
 |   |- [+] Clusters:
 |   |   |- [+] [  0]
 |   |   |   |- Guid:147C8D134B12D635012D5F8C57D2C96F NativeClass:/Script/Engine.PostProcessVolume Name:PostProcessVolume_1 Label:PostProcessVolume SpatiallyLoaded:false EditorBounds:IsValid=true, Min=(X=0.000 Y=0.000 Z=400.000), Max=(X=200.000 Y=200.000 Z=600.000) RuntimeBounds:IsValid=true, Min=(X=0.000 Y=0.000 Z=400.000), Max=(X=200.000 Y=200.000 Z=600.000) RuntimeGrid:None EditorOnly:false RuntimeOnly:false HLODRelevant:false ListedInSceneOutliner:true IsMainWorldOnly:false FolderPath:Lighting FolderGuid:4C9334684BA61B42C769F799D2576455
 |   |   |- [+] [  1]
 |   |   |   |- Guid:1742DF43475F097453197AA79C7473D9 NativeClass:/Script/Engine.SkyLight Name:SkyLight_1 Label:SkyLight SpatiallyLoaded:false EditorBounds:IsValid=true, Min=(X=0.000 Y=0.000 Z=690.000), Max=(X=0.000 Y=0.000 Z=690.000) RuntimeBounds:IsValid=true, Min=(X=0.000 Y=0.000 Z=690.000), Max=(X=0.000 Y=0.000 Z=690.000) RuntimeGrid:None EditorOnly:false RuntimeOnly:false HLODRelevant:false ListedInSceneOutliner:true IsMainWorldOnly:false FolderPath:Lighting FolderGuid:4C9334684BA61B42C769F799D2576455
 |   |   |- [+] [  2]
 |   |   |   |- Guid:1FEC8FAC495CEF0CE32492ADCBB96BAE NativeClass:/Script/AIModule.NavLinkProxy Name:NavLinkProxy_3 Label:NavLinkProxy3 SpatiallyLoaded:true EditorBounds:IsValid=true, Min=(X=2240.000 Y=1030.000 Z=90.000), Max=(X=2240.000 Y=1030.000 Z=90.000) RuntimeBounds:IsValid=true, Min=(X=2240.000 Y=1030.000 Z=90.000), Max=(X=2240.000 Y=1030.000 Z=90.000) RuntimeGrid:None EditorOnly:false RuntimeOnly:false HLODRelevant:false ListedInSceneOutliner:true IsMainWorldOnly:false FolderPath:Navigation FolderGuid:AE45D61F453CC144CF8289862C276E89
 |   |   |- [+] [  3]
 |   |   |   |- Guid:22CE31A44226E9369573E78CADAB2F95 NativeClass:/Script/Paper2D.PaperSpriteActor Name:PaperSpriteActor_UAID_3C7C3F2E1245D96902_2146733571 Label:4_Sprite SpatiallyLoaded:true EditorBounds:IsValid=true, Min=(X=1340.073 Y=2472.958 Z=63.602), Max=(X=1489.073 Y=2626.958 Z=73.602) RuntimeBounds:IsValid=true, Min=(X=1340.073 Y=2472.958 Z=63.602), Max=(X=1489.073 Y=2626.958 Z=73.602) RuntimeGrid:None EditorOnly:false RuntimeOnly:false HLODRelevant:false ListedInSceneOutliner:true IsMainWorldOnly:false
 |   |   |- [+] [  4]
 |   |   |   |- Guid:2DF0D95440BE0EDA81652F860DC7268E NativeClass:/Script/Engine.WorldDataLayers Name:WorldDataLayers Label:WorldDataLayers SpatiallyLoaded:false EditorBounds:IsValid=true, Min=(X=0.000 Y=0.000 Z=0.000), Max=(X=0.000 Y=0.000 Z=0.000) RuntimeBounds:IsValid=true, Min=(X=0.000 Y=0.000 Z=0.000), Max=(X=0.000 Y=0.000 Z=0.000) RuntimeGrid:None EditorOnly:false RuntimeOnly:false HLODRelevant:false ListedInSceneOutliner:true IsMainWorldOnly:true
 |   |   |- [+] [  5]
 |   |   |   |- Guid:3867417344EDEF53F85A959D24616653 NativeClass:/Script/Paper2D.PaperTileMapActor Name:PaperTileMapActor_UAID_3C7C3F2E1245A06202_2000751144 Label:TM_Base SpatiallyLoaded:true EditorBounds:IsValid=true, Min=(X=812.000 Y=1534.000 Z=-100.000), Max=(X=1836.000 Y=2558.000 Z=100.000) RuntimeBounds:IsValid=true, Min=(X=812.000 Y=1534.000 Z=-100.000), Max=(X=1836.000 Y=2558.000 Z=100.000) RuntimeGrid:None EditorOnly:false RuntimeOnly:false HLODRelevant:false ListedInSceneOutliner:true IsMainWorldOnly:false
 |   |   |- [+] [  6]
 |   |   |   |- Guid:493EA07C461415BB6DBDB38584547047 NativeClass:/Script/NavigationSystem.RecastNavMesh Name:RecastNavMesh_UAID_3C7C3F2E12459E6202-Default Label:RecastNavMesh-Default SpatiallyLoaded:false EditorBounds:IsValid=true, Min=(X=0.000 Y=0.000 Z=0.000), Max=(X=0.000 Y=0.000 Z=0.000) RuntimeBounds:IsValid=true, Min=(X=0.000 Y=0.000 Z=0.000), Max=(X=0.000 Y=0.000 Z=0.000) RuntimeGrid:None EditorOnly:false RuntimeOnly:false HLODRelevant:false ListedInSceneOutliner:true IsMainWorldOnly:false
 |   |   |- [+] [  7]
 |   |   |   |- Guid:6252C7D64ACF162A73EE65B11FE214D1 NativeClass:/Script/Engine.SkyAtmosphere Name:SkyAtmosphere_1 Label:SkyAtmosphere SpatiallyLoaded:false EditorBounds:IsValid=true, Min=(X=0.000 Y=0.000 Z=1020.000), Max=(X=0.000 Y=0.000 Z=1020.000) RuntimeBounds:IsValid=true, Min=(X=0.000 Y=0.000 Z=1020.000), Max=(X=0.000 Y=0.000 Z=1020.000) RuntimeGrid:None EditorOnly:false RuntimeOnly:false HLODRelevant:false ListedInSceneOutliner:true IsMainWorldOnly:false FolderPath:Lighting FolderGuid:4C9334684BA61B42C769F799D2576455
 |   |   |- [+] [  8]
 |   |   |   |- Guid:77F893B3468595EE782136AD620D7EF4 NativeClass:/Script/Engine.VolumetricCloud Name:VolumetricCloud_0 Label:VolumetricCloud SpatiallyLoaded:false EditorBounds:IsValid=true, Min=(X=0.000 Y=0.000 Z=820.000), Max=(X=0.000 Y=0.000 Z=820.000) RuntimeBounds:IsValid=true, Min=(X=0.000 Y=0.000 Z=820.000), Max=(X=0.000 Y=0.000 Z=820.000) RuntimeGrid:None EditorOnly:false RuntimeOnly:false HLODRelevant:false ListedInSceneOutliner:true IsMainWorldOnly:false FolderPath:Lighting FolderGuid:4C9334684BA61B42C769F799D2576455
 |   |   |- [+] [  9]
 |   |   |   |- Guid:7F95F95C48CE462F03BC9D856582160A NativeClass:/Script/Engine.AmbientSound Name:AmbientSound_UAID_3C7C3F2E1245D76902_1209574216 Label:BGVillage SpatiallyLoaded:true EditorBounds:IsValid=true, Min=(X=1787.476 Y=1586.018 Z=17.000), Max=(X=1787.476 Y=1586.018 Z=17.000) RuntimeBounds:IsValid=true, Min=(X=1787.476 Y=1586.018 Z=17.000), Max=(X=1787.476 Y=1586.018 Z=17.000) RuntimeGrid:None EditorOnly:false RuntimeOnly:false HLODRelevant:false ListedInSceneOutliner:true IsMainWorldOnly:false
 |   |   |- [+] [ 10]
 |   |   |   |- Guid:8D3B622946444C690A7964981839C528 NativeClass:/Script/Paper2D.PaperSpriteActor Name:PaperSpriteActor_UAID_3C7C3F2E1245DA6902_1258206749 Label:3_Sprite2 SpatiallyLoaded:true EditorBounds:IsValid=true, Min=(X=1437.139 Y=2177.985 Z=79.325), Max=(X=1499.139 Y=2242.985 Z=89.325) RuntimeBounds:IsValid=true, Min=(X=1437.139 Y=2177.985 Z=79.325), Max=(X=1499.139 Y=2242.985 Z=89.325) RuntimeGrid:None EditorOnly:false RuntimeOnly:false HLODRelevant:false ListedInSceneOutliner:true IsMainWorldOnly:false
 |   |   |- [+] [ 11]
 |   |   |   |- Guid:9D4F1AF94BEF9026BCDF9E8C8F51E004 BaseClass:/Game/UnclassedBlueprints/BP_Teleport.BP_Teleport_C NativeClass:/Script/Engine.Actor Name:BP_Teleport_C_UAID_3C7C3F2E1245D46902_2069048687 Label:BP_Teleport2 SpatiallyLoaded:true EditorBounds:IsValid=true, Min=(X=1193.814 Y=2363.781 Z=9.000), Max=(X=1289.958 Y=2453.781 Z=25.000) RuntimeBounds:IsValid=true, Min=(X=1193.814 Y=2363.781 Z=9.000), Max=(X=1289.958 Y=2453.781 Z=25.000) RuntimeGrid:None EditorOnly:false RuntimeOnly:false HLODRelevant:false ListedInSceneOutliner:true IsMainWorldOnly:false
 |   |   |- [+] [ 12]
 |   |   |   |- Guid:9E48F8B74BABAEDDD7B0D489D32D63A8 NativeClass:/Script/Paper2D.PaperSpriteActor Name:PaperSpriteActor_UAID_3C7C3F2E1245D96902_2083137570 Label:1_Sprite SpatiallyLoaded:true EditorBounds:IsValid=true, Min=(X=1218.477 Y=2032.979 Z=77.442), Max=(X=1358.477 Y=2177.979 Z=87.442) RuntimeBounds:IsValid=true, Min=(X=1218.477 Y=2032.979 Z=77.442), Max=(X=1358.477 Y=2177.979 Z=87.442) RuntimeGrid:None EditorOnly:false RuntimeOnly:false HLODRelevant:false ListedInSceneOutliner:true IsMainWorldOnly:false
 |   |   |- [+] [ 13]
 |   |   |   |- Guid:AECEEEE741E6DE68F6843FA49564A956 NativeClass:/Script/Engine.DirectionalLight Name:DirectionalLight_1 Label:DirectionalLight SpatiallyLoaded:false EditorBounds:IsValid=true, Min=(X=-1048576.000 Y=-1048576.000 Z=-1048576.000), Max=(X=1048576.000 Y=1048576.000 Z=1048576.000) RuntimeBounds:IsValid=true, Min=(X=-1048576.000 Y=-1048576.000 Z=-1048576.000), Max=(X=1048576.000 Y=1048576.000 Z=1048576.000) RuntimeGrid:None EditorOnly:false RuntimeOnly:false HLODRelevant:false ListedInSceneOutliner:true IsMainWorldOnly:false FolderPath:Lighting FolderGuid:4C9334684BA61B42C769F799D2576455
 |   |   |- [+] [ 14]
 |   |   |   |- Guid:CCDD89584E0A9025F52AEDA51D60CA54 NativeClass:/Script/NavigationSystem.NavMeshBoundsVolume Name:NavMeshBoundsVolume_1 Label:NavMeshBoundsVolume SpatiallyLoaded:false EditorBounds:IsValid=true, Min=(X=-100.000 Y=-100.000 Z=-110.000), Max=(X=3100.000 Y=3600.000 Z=390.000) RuntimeBounds:IsValid=true, Min=(X=-100.000 Y=-100.000 Z=-110.000), Max=(X=3100.000 Y=3600.000 Z=390.000) RuntimeGrid:None EditorOnly:false RuntimeOnly:false HLODRelevant:false ListedInSceneOutliner:true IsMainWorldOnly:false FolderPath:Navigation FolderGuid:AE45D61F453CC144CF8289862C276E89
 |   |   |- [+] [ 15]
 |   |   |   |- Guid:D24D61B944EF71BE7BC469B7EB239299 NativeClass:/Script/Engine.ExponentialHeightFog Name:ExponentialHeightFog_1 Label:ExponentialHeightFog SpatiallyLoaded:false EditorBounds:IsValid=true, Min=(X=-5600.000 Y=-50.000 Z=-6850.000), Max=(X=-5600.000 Y=-50.000 Z=-6850.000) RuntimeBounds:IsValid=true, Min=(X=-5600.000 Y=-50.000 Z=-6850.000), Max=(X=-5600.000 Y=-50.000 Z=-6850.000) RuntimeGrid:None EditorOnly:false RuntimeOnly:false HLODRelevant:false ListedInSceneOutliner:true IsMainWorldOnly:false FolderPath:Lighting FolderGuid:4C9334684BA61B42C769F799D2576455
 |   |   |- [+] [ 16]
 |   |   |   |- Guid:E351B74D490AF8CA3130F0859675448D BaseClass:/Game/VillageLocation/BP_DoctorZone.BP_DoctorZone_C NativeClass:/Script/Engine.Actor Name:BP_DoctorZone_C_UAID_3C7C3F2E1245F76902_1586715860 Label:BP_DoctorZone SpatiallyLoaded:true EditorBounds:IsValid=true, Min=(X=1557.783 Y=2041.628 Z=22.525), Max=(X=1598.283 Y=2071.628 Z=86.525) RuntimeBounds:IsValid=true, Min=(X=1557.783 Y=2041.628 Z=22.525), Max=(X=1598.283 Y=2071.628 Z=86.525) RuntimeGrid:None EditorOnly:false RuntimeOnly:false HLODRelevant:false ListedInSceneOutliner:true IsMainWorldOnly:false
 |   |   |- [+] [ 17]
 |   |   |   |- Guid:E40B16754C05EBC1297E8C8F5A6DD7CE BaseClass:/Game/VillageLocation/BP_TrainerZone.BP_TrainerZone_C NativeClass:/Script/Engine.Actor Name:BP_TrainerZone_C_UAID_3C7C3F2E1245F76902_1199589859 Label:BP_TrainerZone SpatiallyLoaded:true EditorBounds:IsValid=true, Min=(X=1190.178 Y=1948.042 Z=28.620), Max=(X=1254.178 Y=2012.042 Z=116.620) RuntimeBounds:IsValid=true, Min=(X=1190.178 Y=1948.042 Z=28.620), Max=(X=1254.178 Y=2012.042 Z=116.620) RuntimeGrid:None EditorOnly:false RuntimeOnly:false HLODRelevant:false ListedInSceneOutliner:true IsMainWorldOnly:false
 |   |   |- [+] [ 18]
 |   |   |   |- Guid:ED702DEB4F4A6D94A5DB4F9C337C2079 NativeClass:/Script/Engine.TextRenderActor Name:TextRenderActor_0 Label:TextRenderActor SpatiallyLoaded:true EditorBounds:IsValid=true, Min=(X=-0.100 Y=1100.000 Z=65.013), Max=(X=-0.100 Y=2225.000 Z=215.013) RuntimeBounds:IsValid=true, Min=(X=-0.100 Y=1100.000 Z=65.013), Max=(X=-0.100 Y=2225.000 Z=215.013) RuntimeGrid:None EditorOnly:false RuntimeOnly:false HLODRelevant:false ListedInSceneOutliner:true IsMainWorldOnly:false
 |   |   |- [+] [ 19]
 |   |   |   |- Guid:F0B0445F47F35FBDF06F168AEF9671B0 BaseClass:/Game/Characters/Enemys/BP_Enemy.BP_Enemy_C NativeClass:/Script/Engine.Character Name:BP_Enemy_C_UAID_3C7C3F2E12454B6A02_2007310631 Label:BP_Enemy SpatiallyLoaded:true EditorBounds:IsValid=true, Min=(X=1291.693 Y=2259.894 Z=19.402), Max=(X=1546.413 Y=2417.894 Z=218.490) RuntimeBounds:IsValid=true, Min=(X=1291.693 Y=2289.519 Z=19.402), Max=(X=1373.913 Y=2388.269 Z=218.490) RuntimeGrid:None EditorOnly:false RuntimeOnly:false HLODRelevant:false ListedInSceneOutliner:true IsMainWorldOnly:false
 |   |   |- [+] [ 20]
 |   |   |   |- Guid:F33CC5014C49925B3A9D52A063AF483F NativeClass:/Script/Engine.PlayerStart Name:PlayerStart_0 Label:PlayerStart SpatiallyLoaded:false EditorBounds:IsValid=true, Min=(X=906.872 Y=2133.387 Z=27.393), Max=(X=1274.872 Y=2389.387 Z=283.393) RuntimeBounds:IsValid=true, Min=(X=994.872 Y=2221.387 Z=63.393), Max=(X=1074.872 Y=2301.387 Z=247.393) RuntimeGrid:None EditorOnly:false RuntimeOnly:false HLODRelevant:false ListedInSceneOutliner:true IsMainWorldOnly:false
 |   |   |- [+] [ 21]
 |   |   |   |- Guid:F8FE0A9B45A4F847155C0D80C4771B0A NativeClass:/Script/Paper2D.PaperSpriteActor Name:PaperSpriteActor_UAID_3C7C3F2E1245DA6902_1211361748 Label:4_Sprite2 SpatiallyLoaded:true EditorBounds:IsValid=true, Min=(X=1433.368 Y=2111.975 Z=81.327), Max=(X=1504.368 Y=2175.975 Z=91.327) RuntimeBounds:IsValid=true, Min=(X=1433.368 Y=2111.975 Z=81.327), Max=(X=1504.368 Y=2175.975 Z=91.327) RuntimeGrid:None EditorOnly:false RuntimeOnly:false HLODRelevant:false ListedInSceneOutliner:true IsMainWorldOnly:false
 |   |   |- [+] [ 22]
 |   |   |   |- Guid:FC5FBE0F4E1593618246BF90D6756844 NativeClass:/Script/Paper2D.PaperSpriteActor Name:PaperSpriteActor_UAID_3C7C3F2E1245486902_1313285051 Label:3_Sprite SpatiallyLoaded:true EditorBounds:IsValid=true, Min=(X=1566.161 Y=1955.271 Z=66.435), Max=(X=1801.661 Y=2175.771 Z=76.435) RuntimeBounds:IsValid=true, Min=(X=1566.161 Y=1955.271 Z=66.435), Max=(X=1801.661 Y=2175.771 Z=76.435) RuntimeGrid:None EditorOnly:false RuntimeOnly:false HLODRelevant:false ListedInSceneOutliner:true IsMainWorldOnly:false
 |- ContainerInstances:
 |- [+] MainContainer:
 |   |-        ID: 00000000000000000000000000000000
 |   |-  ParentID: 00000000000000000000000000000000
 |   |-    Bounds: IsValid=false, Min=(X=0.000 Y=0.000 Z=0.000), Max=(X=0.000 Y=0.000 Z=0.000)
 |   |- Transform: 0.000000,0.000000,0.000000|0.000000,0.000000,-0.000000|1.000000,1.000000,1.000000
 |   |- Container: /Game/TopDown/Maps/TopDownMap
----------------------------------------------------------------------------------------------------------------
TopDownMap - Persistent Level
----------------------------------------------------------------------------------------------------------------
[+] Content of TopDownMap Persistent Level
 |- Always loaded Actor Count: 23 
 |- Actor Path: /Game/TopDown/Maps/TopDownMap.TopDownMap:PersistentLevel.AmbientSound_UAID_3C7C3F2E1245D76902_1209574216
 |- Actor Package: /Game/__ExternalActors__/TopDown/Maps/TopDownMap/6/T9/UMAYRROKT6RQTRJHNSCP8S
 |- Actor Path: /Game/TopDown/Maps/TopDownMap.TopDownMap:PersistentLevel.BP_DoctorZone_C_UAID_3C7C3F2E1245F76902_1586715860
 |- Actor Package: /Game/__ExternalActors__/TopDown/Maps/TopDownMap/C/U9/4PO5SQQXLC5P289L3R97T0
 |- Actor Path: /Game/TopDown/Maps/TopDownMap.TopDownMap:PersistentLevel.BP_Enemy_C_UAID_3C7C3F2E12454B6A02_2007310631
 |- Actor Package: /Game/__ExternalActors__/TopDown/Maps/TopDownMap/3/DU/S58JCIF5OBM0L0WKQZSZGZ
 |- Actor Path: /Game/TopDown/Maps/TopDownMap.TopDownMap:PersistentLevel.BP_Teleport_C_UAID_3C7C3F2E1245D46902_2069048687
 |- Actor Package: /Game/__ExternalActors__/TopDown/Maps/TopDownMap/2/RB/1EDNLY7WQKFHVEOGU57OGT
 |- Actor Path: /Game/TopDown/Maps/TopDownMap.TopDownMap:PersistentLevel.BP_TrainerZone_C_UAID_3C7C3F2E1245F76902_1199589859
 |- Actor Package: /Game/__ExternalActors__/TopDown/Maps/TopDownMap/0/V2/8KE57IPJBB4WHGUF2K9OYX
 |- Actor Path: /Game/TopDown/Maps/TopDownMap.TopDownMap:PersistentLevel.DirectionalLight_1
 |- Actor Package: /Game/__ExternalActors__/TopDown/Maps/TopDownMap/A/LM/VRK8UAZR3J2TAKS74SHCUD
 |- Actor Path: /Game/TopDown/Maps/TopDownMap.TopDownMap:PersistentLevel.ExponentialHeightFog_1
 |- Actor Package: /Game/__ExternalActors__/TopDown/Maps/TopDownMap/6/BO/BYV4KSLUROOOL33DU1XUWQ
 |- Actor Path: /Game/TopDown/Maps/TopDownMap.TopDownMap:PersistentLevel.NavLinkProxy_3
 |- Actor Package: /Game/__ExternalActors__/TopDown/Maps/TopDownMap/5/UT/JRUWL9PVCAH3XSUMXP4CC1
 |- Actor Path: /Game/TopDown/Maps/TopDownMap.TopDownMap:PersistentLevel.NavMeshBoundsVolume_1
 |- Actor Package: /Game/__ExternalActors__/TopDown/Maps/TopDownMap/0/QS/8AKCSH4RXXQHHQMCR8GO6C
 |- Actor Path: /Game/TopDown/Maps/TopDownMap.TopDownMap:PersistentLevel.PaperSpriteActor_UAID_3C7C3F2E1245486902_1313285051
 |- Actor Package: /Game/__ExternalActors__/TopDown/Maps/TopDownMap/1/5N/942MI6JC4GA9DHK4ZPZVQN
 |- Actor Path: /Game/TopDown/Maps/TopDownMap.TopDownMap:PersistentLevel.PaperSpriteActor_UAID_3C7C3F2E1245D96902_2083137570
 |- Actor Package: /Game/__ExternalActors__/TopDown/Maps/TopDownMap/B/25/EP6DTQJZVVX56SG08HKV9V
 |- Actor Path: /Game/TopDown/Maps/TopDownMap.TopDownMap:PersistentLevel.PaperSpriteActor_UAID_3C7C3F2E1245D96902_2146733571
 |- Actor Package: /Game/__ExternalActors__/TopDown/Maps/TopDownMap/5/V9/LEET82M3GO3RWM0ZFUBGDR
 |- Actor Path: /Game/TopDown/Maps/TopDownMap.TopDownMap:PersistentLevel.PaperSpriteActor_UAID_3C7C3F2E1245DA6902_1211361748
 |- Actor Package: /Game/__ExternalActors__/TopDown/Maps/TopDownMap/E/Z5/4DBJ7BSU3DXA7CWDBWXDTH
 |- Actor Path: /Game/TopDown/Maps/TopDownMap.TopDownMap:PersistentLevel.PaperSpriteActor_UAID_3C7C3F2E1245DA6902_1258206749
 |- Actor Package: /Game/__ExternalActors__/TopDown/Maps/TopDownMap/5/62/L4EYE6PR8VUN2E8SM2LH1U
 |- Actor Path: /Game/TopDown/Maps/TopDownMap.TopDownMap:PersistentLevel.PaperTileMapActor_UAID_3C7C3F2E1245A06202_2000751144
 |- Actor Package: /Game/__ExternalActors__/TopDown/Maps/TopDownMap/9/QQ/CX0647CLJRINS6Q8C8160E
 |- Actor Path: /Game/TopDown/Maps/TopDownMap.TopDownMap:PersistentLevel.PlayerStart_0
 |- Actor Package: /Game/__ExternalActors__/TopDown/Maps/TopDownMap/6/OI/H4CYGWRMJ49ZI6AS2GNGQY
 |- Actor Path: /Game/TopDown/Maps/TopDownMap.TopDownMap:PersistentLevel.PostProcessVolume_1
 |- Actor Package: /Game/__ExternalActors__/TopDown/Maps/TopDownMap/6/VI/ESHAVRHFZFA2JDR9ZAQIOE
 |- Actor Path: /Game/TopDown/Maps/TopDownMap.TopDownMap:PersistentLevel.RecastNavMesh_UAID_3C7C3F2E12459E6202-Default
 |- Actor Package: /Game/__ExternalActors__/TopDown/Maps/TopDownMap/C/Y6/7VWE8MP6LAFWFTP5JZ4G01
 |- Actor Path: /Game/TopDown/Maps/TopDownMap.TopDownMap:PersistentLevel.SkyAtmosphere_1
 |- Actor Package: /Game/__ExternalActors__/TopDown/Maps/TopDownMap/5/YN/TCNGOWDVRBFBJ5YZR7VI7S
 |- Actor Path: /Game/TopDown/Maps/TopDownMap.TopDownMap:PersistentLevel.SkyLight_1
 |- Actor Package: /Game/__ExternalActors__/TopDown/Maps/TopDownMap/E/LR/47NTFRDFK6M7265A1UYTOW
 |- Actor Path: /Game/TopDown/Maps/TopDownMap.TopDownMap:PersistentLevel.TextRenderActor_0
 |- Actor Package: /Game/__ExternalActors__/TopDown/Maps/TopDownMap/9/FY/45JOQ38QR4K2P62IGCH99F
 |- Actor Path: /Game/TopDown/Maps/TopDownMap.TopDownMap:PersistentLevel.VolumetricCloud_0
 |- Actor Package: /Game/__ExternalActors__/TopDown/Maps/TopDownMap/6/GY/HOVAYB977GD5L9YGZ5S1T6
 |- Actor Path: /Game/TopDown/Maps/TopDownMap.TopDownMap:PersistentLevel.WorldDataLayers
 |- Actor Package: /Game/__ExternalActors__/TopDown/Maps/TopDownMap/A/RN/FHX05LPSBNMAJG3SW97PS7

----------------------------------------------------------------------------------------------------------------
TopDownMap - Runtime Hash Set
----------------------------------------------------------------------------------------------------------------

