[+] Containers:
 |- [+] Container: /Game/TopDown/Maps/TopDownMap1
 |   |- [+] ActorDescs:
 |   |   |- Guid:07F492B9552D3732803FCF0B31BF4300 NativeClass:/Script/Engine.WorldDataLayers Name:WorldDataLayers Label:WorldDataLayers SpatiallyLoaded:false EditorBounds:IsValid=false, Min=(X=0.000 Y=0.000 Z=0.000), Max=(X=0.000 Y=0.000 Z=0.000) RuntimeBounds:IsValid=false, Min=(X=0.000 Y=0.000 Z=0.000), Max=(X=0.000 Y=0.000 Z=0.000) RuntimeGrid:None EditorOnly:false RuntimeOnly:false HLODRelevant:false ListedInSceneOutliner:true IsMainWorldOnly:true
 |   |   |- Guid:1472AE1E44E730FDAFCC4B4FCE0AFD28 NativeClass:/Script/Engine.SkyLight Name:SkyLight_1 Label:SkyLight SpatiallyLoaded:false EditorBounds:IsValid=true, Min=(X=-1.000 Y=-1.000 Z=-1.000), Max=(X=1.000 Y=1.000 Z=690.000) RuntimeBounds:IsValid=true, Min=(X=0.000 Y=0.000 Z=690.000), Max=(X=0.000 Y=0.000 Z=690.000) RuntimeGrid:None EditorOnly:false RuntimeOnly:false HLODRelevant:false ListedInSceneOutliner:true IsMainWorldOnly:false FolderPath:Lighting FolderGuid:4C9334684BA61B42C769F799D2576455
 |   |   |- Guid:160143C24E9B22A4D744DDB544073291 NativeClass:/Script/NavigationSystem.NavMeshBoundsVolume Name:NavMeshBoundsVolume_UAID_3C7C3F2E1245C56402_1283416767 Label:NavMeshBoundsVolume2 SpatiallyLoaded:false EditorBounds:IsValid=true, Min=(X=-10000.000 Y=-10000.000 Z=-1000.000), Max=(X=10000.000 Y=10000.000 Z=1000.000) RuntimeBounds:IsValid=true, Min=(X=-10000.000 Y=-10000.000 Z=-1000.000), Max=(X=10000.000 Y=10000.000 Z=1000.000) RuntimeGrid:None EditorOnly:false RuntimeOnly:false HLODRelevant:false ListedInSceneOutliner:true IsMainWorldOnly:false
 |   |   |- Guid:1E6140CDC5953508A3C85EBAD54581AF NativeClass:/Script/Engine.ExponentialHeightFog Name:ExponentialHeightFog_1 Label:ExponentialHeightFog SpatiallyLoaded:false EditorBounds:IsValid=true, Min=(X=-5728.000 Y=-178.000 Z=-6978.000), Max=(X=-5472.000 Y=78.000 Z=-6722.000) RuntimeBounds:IsValid=true, Min=(X=-5600.000 Y=-50.000 Z=-6850.000), Max=(X=-5600.000 Y=-50.000 Z=-6850.000) RuntimeGrid:None EditorOnly:false RuntimeOnly:false HLODRelevant:false ListedInSceneOutliner:true IsMainWorldOnly:false FolderPath:Lighting FolderGuid:4C9334684BA61B42C769F799D2576455
 |   |   |- Guid:32B8DABEF5203A49AB1A70786D1A066D NativeClass:/Script/Engine.DirectionalLight Name:DirectionalLight_1 Label:DirectionalLight SpatiallyLoaded:false EditorBounds:IsValid=false, Min=(X=0.000 Y=0.000 Z=0.000), Max=(X=0.000 Y=0.000 Z=0.000) RuntimeBounds:IsValid=false, Min=(X=0.000 Y=0.000 Z=0.000), Max=(X=0.000 Y=0.000 Z=0.000) RuntimeGrid:None EditorOnly:false RuntimeOnly:false HLODRelevant:false ListedInSceneOutliner:true IsMainWorldOnly:false FolderPath:Lighting FolderGuid:4C9334684BA61B42C769F799D2576455
 |   |   |- Guid:3892B6C94AAD9B70C82285A2C3E161B9 BaseClass:/Game/ProceduralDungeon/Dungeon_Generator.Dungeon_Generator_C NativeClass:/Script/Engine.Actor Name:Dungeon_Generator_C_UAID_3C7C3F2E1245336402_1410714074 Label:Dungeon_Generator SpatiallyLoaded:true EditorBounds:IsValid=true, Min=(X=0.000 Y=0.000 Z=0.000), Max=(X=0.000 Y=0.000 Z=0.000) RuntimeBounds:IsValid=true, Min=(X=0.000 Y=0.000 Z=0.000), Max=(X=0.000 Y=0.000 Z=0.000) RuntimeGrid:None EditorOnly:false RuntimeOnly:false HLODRelevant:false ListedInSceneOutliner:true IsMainWorldOnly:false
 |   |   |- Guid:46C69244966E32D785259CF62659E729 NativeClass:/Script/Engine.SkyAtmosphere Name:SkyAtmosphere_1 Label:SkyAtmosphere SpatiallyLoaded:false EditorBounds:IsValid=true, Min=(X=-128.000 Y=-128.000 Z=892.000), Max=(X=240.000 Y=128.000 Z=1148.000) RuntimeBounds:IsValid=true, Min=(X=0.000 Y=0.000 Z=1020.000), Max=(X=0.000 Y=0.000 Z=1020.000) RuntimeGrid:None EditorOnly:false RuntimeOnly:false HLODRelevant:false ListedInSceneOutliner:true IsMainWorldOnly:false FolderPath:Lighting FolderGuid:4C9334684BA61B42C769F799D2576455
 |   |   |- Guid:6FCC87A948A23CD9C26F12AB5EBF60A5 NativeClass:/Script/Paper2D.PaperTileMapActor Name:PaperTileMapActor_UAID_3C7C3F2E12459D6902_1363840008 Label:Level_Backgound SpatiallyLoaded:true EditorBounds:IsValid=true, Min=(X=-7924.501 Y=-7641.905 Z=-4091.692), Max=(X=8075.499 Y=8358.096 Z=-91.691) RuntimeBounds:IsValid=true, Min=(X=-7924.501 Y=-7641.905 Z=-4091.692), Max=(X=8075.499 Y=8358.096 Z=-91.691) RuntimeGrid:None EditorOnly:false RuntimeOnly:false HLODRelevant:false ListedInSceneOutliner:true IsMainWorldOnly:false
 |   |   |- Guid:83562DF7BA0332DCB37CC7E073E48D21 NativeClass:/Script/Engine.PlayerStart Name:PlayerStart_0 Label:PlayerStart SpatiallyLoaded:false EditorBounds:IsValid=true, Min=(X=-62.687 Y=-102.964 Z=242.263), Max=(X=305.313 Y=153.036 Z=498.263) RuntimeBounds:IsValid=true, Min=(X=25.313 Y=-14.964 Z=278.263), Max=(X=105.313 Y=65.036 Z=462.263) RuntimeGrid:None EditorOnly:false RuntimeOnly:false HLODRelevant:false ListedInSceneOutliner:true IsMainWorldOnly:false
 |   |   |- Guid:D83F0BFD46D235509FECC4A6B8172063 NativeClass:/Script/NavigationSystem.RecastNavMesh Name:RecastNavMesh_UAID_3C7C3F2E12459E6202-Default Label:RecastNavMesh-Default SpatiallyLoaded:false EditorBounds:IsValid=true, Min=(X=0.000 Y=0.000 Z=0.000), Max=(X=0.000 Y=0.000 Z=0.000) RuntimeBounds:IsValid=true, Min=(X=0.000 Y=0.000 Z=0.000), Max=(X=0.000 Y=0.000 Z=0.000) RuntimeGrid:None EditorOnly:false RuntimeOnly:false HLODRelevant:false ListedInSceneOutliner:true IsMainWorldOnly:false
 |   |   |- Guid:E337E4190024396C8D782ACAD84F777B NativeClass:/Script/Engine.PostProcessVolume Name:PostProcessVolume_1 Label:PostProcessVolume SpatiallyLoaded:false EditorBounds:IsValid=true, Min=(X=-10000.000 Y=-10000.000 Z=-1000.000), Max=(X=10000.000 Y=10000.000 Z=1000.000) RuntimeBounds:IsValid=true, Min=(X=-10000.000 Y=-10000.000 Z=-1000.000), Max=(X=10000.000 Y=10000.000 Z=1000.000) RuntimeGrid:None EditorOnly:false RuntimeOnly:false HLODRelevant:false ListedInSceneOutliner:true IsMainWorldOnly:false FolderPath:Lighting FolderGuid:4C9334684BA61B42C769F799D2576455
 |   |   |- Guid:E71281204C13852072EA02916B83E767 NativeClass:/Script/Engine.AmbientSound Name:AmbientSound_UAID_3C7C3F2E1245D76902_1277391217 Label:BGDungeon SpatiallyLoaded:true EditorBounds:IsValid=true, Min=(X=188.784 Y=445.948 Z=2236.524), Max=(X=188.784 Y=445.948 Z=2236.524) RuntimeBounds:IsValid=true, Min=(X=188.784 Y=445.948 Z=2236.524), Max=(X=188.784 Y=445.948 Z=2236.524) RuntimeGrid:None EditorOnly:false RuntimeOnly:false HLODRelevant:false ListedInSceneOutliner:true IsMainWorldOnly:false
 |   |   |- Guid:EF1290A7B1313BBCA1BA43DC629A835F NativeClass:/Script/Engine.VolumetricCloud Name:VolumetricCloud_0 Label:VolumetricCloud SpatiallyLoaded:false EditorBounds:IsValid=true, Min=(X=-128.000 Y=-128.000 Z=692.000), Max=(X=128.000 Y=128.000 Z=948.000) RuntimeBounds:IsValid=true, Min=(X=0.000 Y=0.000 Z=820.000), Max=(X=0.000 Y=0.000 Z=820.000) RuntimeGrid:None EditorOnly:false RuntimeOnly:false HLODRelevant:false ListedInSceneOutliner:true IsMainWorldOnly:false FolderPath:Lighting FolderGuid:4C9334684BA61B42C769F799D2576455
 |   |   |- Guid:F0EF80A7C2FB34E28AC4D1C4F6A8394D NativeClass:/Script/AIModule.NavLinkProxy Name:NavLinkProxy_3 Label:NavLinkProxy3 SpatiallyLoaded:true EditorBounds:IsValid=true, Min=(X=2112.000 Y=900.000 Z=-38.000), Max=(X=2368.000 Y=1158.000 Z=230.000) RuntimeBounds:IsValid=true, Min=(X=2240.000 Y=1030.000 Z=90.000), Max=(X=2240.000 Y=1030.000 Z=90.000) RuntimeGrid:None EditorOnly:false RuntimeOnly:false HLODRelevant:false ListedInSceneOutliner:true IsMainWorldOnly:false FolderPath:Navigation FolderGuid:AE45D61F453CC144CF8289862C276E89
 |   |- [+] Clusters:
 |   |   |- [+] [  0]
 |   |   |   |- Guid:07F492B9552D3732803FCF0B31BF4300 NativeClass:/Script/Engine.WorldDataLayers Name:WorldDataLayers Label:WorldDataLayers SpatiallyLoaded:false EditorBounds:IsValid=false, Min=(X=0.000 Y=0.000 Z=0.000), Max=(X=0.000 Y=0.000 Z=0.000) RuntimeBounds:IsValid=false, Min=(X=0.000 Y=0.000 Z=0.000), Max=(X=0.000 Y=0.000 Z=0.000) RuntimeGrid:None EditorOnly:false RuntimeOnly:false HLODRelevant:false ListedInSceneOutliner:true IsMainWorldOnly:true
 |   |   |- [+] [  1]
 |   |   |   |- Guid:1472AE1E44E730FDAFCC4B4FCE0AFD28 NativeClass:/Script/Engine.SkyLight Name:SkyLight_1 Label:SkyLight SpatiallyLoaded:false EditorBounds:IsValid=true, Min=(X=-1.000 Y=-1.000 Z=-1.000), Max=(X=1.000 Y=1.000 Z=690.000) RuntimeBounds:IsValid=true, Min=(X=0.000 Y=0.000 Z=690.000), Max=(X=0.000 Y=0.000 Z=690.000) RuntimeGrid:None EditorOnly:false RuntimeOnly:false HLODRelevant:false ListedInSceneOutliner:true IsMainWorldOnly:false FolderPath:Lighting FolderGuid:4C9334684BA61B42C769F799D2576455
 |   |   |- [+] [  2]
 |   |   |   |- Guid:160143C24E9B22A4D744DDB544073291 NativeClass:/Script/NavigationSystem.NavMeshBoundsVolume Name:NavMeshBoundsVolume_UAID_3C7C3F2E1245C56402_1283416767 Label:NavMeshBoundsVolume2 SpatiallyLoaded:false EditorBounds:IsValid=true, Min=(X=-10000.000 Y=-10000.000 Z=-1000.000), Max=(X=10000.000 Y=10000.000 Z=1000.000) RuntimeBounds:IsValid=true, Min=(X=-10000.000 Y=-10000.000 Z=-1000.000), Max=(X=10000.000 Y=10000.000 Z=1000.000) RuntimeGrid:None EditorOnly:false RuntimeOnly:false HLODRelevant:false ListedInSceneOutliner:true IsMainWorldOnly:false
 |   |   |- [+] [  3]
 |   |   |   |- Guid:1E6140CDC5953508A3C85EBAD54581AF NativeClass:/Script/Engine.ExponentialHeightFog Name:ExponentialHeightFog_1 Label:ExponentialHeightFog SpatiallyLoaded:false EditorBounds:IsValid=true, Min=(X=-5728.000 Y=-178.000 Z=-6978.000), Max=(X=-5472.000 Y=78.000 Z=-6722.000) RuntimeBounds:IsValid=true, Min=(X=-5600.000 Y=-50.000 Z=-6850.000), Max=(X=-5600.000 Y=-50.000 Z=-6850.000) RuntimeGrid:None EditorOnly:false RuntimeOnly:false HLODRelevant:false ListedInSceneOutliner:true IsMainWorldOnly:false FolderPath:Lighting FolderGuid:4C9334684BA61B42C769F799D2576455
 |   |   |- [+] [  4]
 |   |   |   |- Guid:32B8DABEF5203A49AB1A70786D1A066D NativeClass:/Script/Engine.DirectionalLight Name:DirectionalLight_1 Label:DirectionalLight SpatiallyLoaded:false EditorBounds:IsValid=false, Min=(X=0.000 Y=0.000 Z=0.000), Max=(X=0.000 Y=0.000 Z=0.000) RuntimeBounds:IsValid=false, Min=(X=0.000 Y=0.000 Z=0.000), Max=(X=0.000 Y=0.000 Z=0.000) RuntimeGrid:None EditorOnly:false RuntimeOnly:false HLODRelevant:false ListedInSceneOutliner:true IsMainWorldOnly:false FolderPath:Lighting FolderGuid:4C9334684BA61B42C769F799D2576455
 |   |   |- [+] [  5]
 |   |   |   |- Guid:3892B6C94AAD9B70C82285A2C3E161B9 BaseClass:/Game/ProceduralDungeon/Dungeon_Generator.Dungeon_Generator_C NativeClass:/Script/Engine.Actor Name:Dungeon_Generator_C_UAID_3C7C3F2E1245336402_1410714074 Label:Dungeon_Generator SpatiallyLoaded:true EditorBounds:IsValid=true, Min=(X=0.000 Y=0.000 Z=0.000), Max=(X=0.000 Y=0.000 Z=0.000) RuntimeBounds:IsValid=true, Min=(X=0.000 Y=0.000 Z=0.000), Max=(X=0.000 Y=0.000 Z=0.000) RuntimeGrid:None EditorOnly:false RuntimeOnly:false HLODRelevant:false ListedInSceneOutliner:true IsMainWorldOnly:false
 |   |   |- [+] [  6]
 |   |   |   |- Guid:46C69244966E32D785259CF62659E729 NativeClass:/Script/Engine.SkyAtmosphere Name:SkyAtmosphere_1 Label:SkyAtmosphere SpatiallyLoaded:false EditorBounds:IsValid=true, Min=(X=-128.000 Y=-128.000 Z=892.000), Max=(X=240.000 Y=128.000 Z=1148.000) RuntimeBounds:IsValid=true, Min=(X=0.000 Y=0.000 Z=1020.000), Max=(X=0.000 Y=0.000 Z=1020.000) RuntimeGrid:None EditorOnly:false RuntimeOnly:false HLODRelevant:false ListedInSceneOutliner:true IsMainWorldOnly:false FolderPath:Lighting FolderGuid:4C9334684BA61B42C769F799D2576455
 |   |   |- [+] [  7]
 |   |   |   |- Guid:6FCC87A948A23CD9C26F12AB5EBF60A5 NativeClass:/Script/Paper2D.PaperTileMapActor Name:PaperTileMapActor_UAID_3C7C3F2E12459D6902_1363840008 Label:Level_Backgound SpatiallyLoaded:true EditorBounds:IsValid=true, Min=(X=-7924.501 Y=-7641.905 Z=-4091.692), Max=(X=8075.499 Y=8358.096 Z=-91.691) RuntimeBounds:IsValid=true, Min=(X=-7924.501 Y=-7641.905 Z=-4091.692), Max=(X=8075.499 Y=8358.096 Z=-91.691) RuntimeGrid:None EditorOnly:false RuntimeOnly:false HLODRelevant:false ListedInSceneOutliner:true IsMainWorldOnly:false
 |   |   |- [+] [  8]
 |   |   |   |- Guid:83562DF7BA0332DCB37CC7E073E48D21 NativeClass:/Script/Engine.PlayerStart Name:PlayerStart_0 Label:PlayerStart SpatiallyLoaded:false EditorBounds:IsValid=true, Min=(X=-62.687 Y=-102.964 Z=242.263), Max=(X=305.313 Y=153.036 Z=498.263) RuntimeBounds:IsValid=true, Min=(X=25.313 Y=-14.964 Z=278.263), Max=(X=105.313 Y=65.036 Z=462.263) RuntimeGrid:None EditorOnly:false RuntimeOnly:false HLODRelevant:false ListedInSceneOutliner:true IsMainWorldOnly:false
 |   |   |- [+] [  9]
 |   |   |   |- Guid:D83F0BFD46D235509FECC4A6B8172063 NativeClass:/Script/NavigationSystem.RecastNavMesh Name:RecastNavMesh_UAID_3C7C3F2E12459E6202-Default Label:RecastNavMesh-Default SpatiallyLoaded:false EditorBounds:IsValid=true, Min=(X=0.000 Y=0.000 Z=0.000), Max=(X=0.000 Y=0.000 Z=0.000) RuntimeBounds:IsValid=true, Min=(X=0.000 Y=0.000 Z=0.000), Max=(X=0.000 Y=0.000 Z=0.000) RuntimeGrid:None EditorOnly:false RuntimeOnly:false HLODRelevant:false ListedInSceneOutliner:true IsMainWorldOnly:false
 |   |   |- [+] [ 10]
 |   |   |   |- Guid:E337E4190024396C8D782ACAD84F777B NativeClass:/Script/Engine.PostProcessVolume Name:PostProcessVolume_1 Label:PostProcessVolume SpatiallyLoaded:false EditorBounds:IsValid=true, Min=(X=-10000.000 Y=-10000.000 Z=-1000.000), Max=(X=10000.000 Y=10000.000 Z=1000.000) RuntimeBounds:IsValid=true, Min=(X=-10000.000 Y=-10000.000 Z=-1000.000), Max=(X=10000.000 Y=10000.000 Z=1000.000) RuntimeGrid:None EditorOnly:false RuntimeOnly:false HLODRelevant:false ListedInSceneOutliner:true IsMainWorldOnly:false FolderPath:Lighting FolderGuid:4C9334684BA61B42C769F799D2576455
 |   |   |- [+] [ 11]
 |   |   |   |- Guid:E71281204C13852072EA02916B83E767 NativeClass:/Script/Engine.AmbientSound Name:AmbientSound_UAID_3C7C3F2E1245D76902_1277391217 Label:BGDungeon SpatiallyLoaded:true EditorBounds:IsValid=true, Min=(X=188.784 Y=445.948 Z=2236.524), Max=(X=188.784 Y=445.948 Z=2236.524) RuntimeBounds:IsValid=true, Min=(X=188.784 Y=445.948 Z=2236.524), Max=(X=188.784 Y=445.948 Z=2236.524) RuntimeGrid:None EditorOnly:false RuntimeOnly:false HLODRelevant:false ListedInSceneOutliner:true IsMainWorldOnly:false
 |   |   |- [+] [ 12]
 |   |   |   |- Guid:EF1290A7B1313BBCA1BA43DC629A835F NativeClass:/Script/Engine.VolumetricCloud Name:VolumetricCloud_0 Label:VolumetricCloud SpatiallyLoaded:false EditorBounds:IsValid=true, Min=(X=-128.000 Y=-128.000 Z=692.000), Max=(X=128.000 Y=128.000 Z=948.000) RuntimeBounds:IsValid=true, Min=(X=0.000 Y=0.000 Z=820.000), Max=(X=0.000 Y=0.000 Z=820.000) RuntimeGrid:None EditorOnly:false RuntimeOnly:false HLODRelevant:false ListedInSceneOutliner:true IsMainWorldOnly:false FolderPath:Lighting FolderGuid:4C9334684BA61B42C769F799D2576455
 |   |   |- [+] [ 13]
 |   |   |   |- Guid:F0EF80A7C2FB34E28AC4D1C4F6A8394D NativeClass:/Script/AIModule.NavLinkProxy Name:NavLinkProxy_3 Label:NavLinkProxy3 SpatiallyLoaded:true EditorBounds:IsValid=true, Min=(X=2112.000 Y=900.000 Z=-38.000), Max=(X=2368.000 Y=1158.000 Z=230.000) RuntimeBounds:IsValid=true, Min=(X=2240.000 Y=1030.000 Z=90.000), Max=(X=2240.000 Y=1030.000 Z=90.000) RuntimeGrid:None EditorOnly:false RuntimeOnly:false HLODRelevant:false ListedInSceneOutliner:true IsMainWorldOnly:false FolderPath:Navigation FolderGuid:AE45D61F453CC144CF8289862C276E89
 |- ContainerInstances:
 |- [+] MainContainer:
 |   |-        ID: 00000000000000000000000000000000
 |   |-  ParentID: 00000000000000000000000000000000
 |   |-    Bounds: IsValid=false, Min=(X=0.000 Y=0.000 Z=0.000), Max=(X=0.000 Y=0.000 Z=0.000)
 |   |- Transform: 0.000000,0.000000,0.000000|0.000000,0.000000,-0.000000|1.000000,1.000000,1.000000
 |   |- Container: /Game/TopDown/Maps/TopDownMap1
----------------------------------------------------------------------------------------------------------------
TopDownMap1 - Persistent Level
----------------------------------------------------------------------------------------------------------------
[+] Content of TopDownMap1 Persistent Level
 |- Always loaded Actor Count: 14 
 |- Actor Path: /Game/TopDown/Maps/UEDPIE_0_TopDownMap1.TopDownMap1:PersistentLevel.AmbientSound_UAID_3C7C3F2E1245D76902_1277391217
 |- Actor Package: /Game/TopDown/Maps/UEDPIE_0_TopDownMap1_InstanceOf_/Game/__ExternalActors__/TopDown/Maps/TopDownMap1/E/JK/TT8F75LN05NJ7RCIPBWPDL
 |- Actor Path: /Game/TopDown/Maps/UEDPIE_0_TopDownMap1.TopDownMap1:PersistentLevel.DirectionalLight_1
 |- Actor Package: /Game/TopDown/Maps/UEDPIE_0_TopDownMap1_InstanceOf_/Game/__ExternalActors__/TopDown/Maps/TopDownMap1/6/LC/AEJH9PLWOYLN6O0BDEIOXX
 |- Actor Path: /Game/TopDown/Maps/UEDPIE_0_TopDownMap1.TopDownMap1:PersistentLevel.Dungeon_Generator_C_UAID_3C7C3F2E1245336402_1410714074
 |- Actor Package: /Game/TopDown/Maps/UEDPIE_0_TopDownMap1_InstanceOf_/Game/__ExternalActors__/TopDown/Maps/TopDownMap1/4/S6/TX5T6QNW9SP1YCCUDQB0O8
 |- Actor Path: /Game/TopDown/Maps/UEDPIE_0_TopDownMap1.TopDownMap1:PersistentLevel.ExponentialHeightFog_1
 |- Actor Package: /Game/TopDown/Maps/UEDPIE_0_TopDownMap1_InstanceOf_/Game/__ExternalActors__/TopDown/Maps/TopDownMap1/C/BY/KEEHEPQGUSK2F95C3KEGWT
 |- Actor Path: /Game/TopDown/Maps/UEDPIE_0_TopDownMap1.TopDownMap1:PersistentLevel.NavLinkProxy_3
 |- Actor Package: /Game/TopDown/Maps/UEDPIE_0_TopDownMap1_InstanceOf_/Game/__ExternalActors__/TopDown/Maps/TopDownMap1/E/XK/8FNBO1X3ADFFF8I3EV1XNF
 |- Actor Path: /Game/TopDown/Maps/UEDPIE_0_TopDownMap1.TopDownMap1:PersistentLevel.NavMeshBoundsVolume_UAID_3C7C3F2E1245C56402_1283416767
 |- Actor Package: /Game/TopDown/Maps/UEDPIE_0_TopDownMap1_InstanceOf_/Game/__ExternalActors__/TopDown/Maps/TopDownMap1/7/P2/SQXV1ACXN7D2GP5SPNBSO8
 |- Actor Path: /Game/TopDown/Maps/UEDPIE_0_TopDownMap1.TopDownMap1:PersistentLevel.PaperTileMapActor_UAID_3C7C3F2E12459D6902_1363840008
 |- Actor Package: /Game/TopDown/Maps/UEDPIE_0_TopDownMap1_InstanceOf_/Game/__ExternalActors__/TopDown/Maps/TopDownMap1/7/BN/EX92DL338881RTTB1SQ5D4
 |- Actor Path: /Game/TopDown/Maps/UEDPIE_0_TopDownMap1.TopDownMap1:PersistentLevel.PlayerStart_0
 |- Actor Package: /Game/TopDown/Maps/UEDPIE_0_TopDownMap1_InstanceOf_/Game/__ExternalActors__/TopDown/Maps/TopDownMap1/7/NA/XGRFUZPMW9CHRH6O3L1XFZ
 |- Actor Path: /Game/TopDown/Maps/UEDPIE_0_TopDownMap1.TopDownMap1:PersistentLevel.PostProcessVolume_1
 |- Actor Package: /Game/TopDown/Maps/UEDPIE_0_TopDownMap1_InstanceOf_/Game/__ExternalActors__/TopDown/Maps/TopDownMap1/C/LS/6YGIKTJL2YRSVWR67P4I19
 |- Actor Path: /Game/TopDown/Maps/UEDPIE_0_TopDownMap1.TopDownMap1:PersistentLevel.RecastNavMesh_UAID_3C7C3F2E12459E6202-Default
 |- Actor Package: /Game/TopDown/Maps/UEDPIE_0_TopDownMap1_InstanceOf_/Game/__ExternalActors__/TopDown/Maps/TopDownMap1/C/YO/PT71QJUA6Y0MJTCMRBOKQ4
 |- Actor Path: /Game/TopDown/Maps/UEDPIE_0_TopDownMap1.TopDownMap1:PersistentLevel.SkyAtmosphere_1
 |- Actor Package: /Game/TopDown/Maps/UEDPIE_0_TopDownMap1_InstanceOf_/Game/__ExternalActors__/TopDown/Maps/TopDownMap1/E/PR/GDPD42D7ULI8NYNYP0QMPL
 |- Actor Path: /Game/TopDown/Maps/UEDPIE_0_TopDownMap1.TopDownMap1:PersistentLevel.SkyLight_1
 |- Actor Package: /Game/TopDown/Maps/UEDPIE_0_TopDownMap1_InstanceOf_/Game/__ExternalActors__/TopDown/Maps/TopDownMap1/4/OM/AJZT4SAVS1X5A2CKNFPBSZ
 |- Actor Path: /Game/TopDown/Maps/UEDPIE_0_TopDownMap1.TopDownMap1:PersistentLevel.VolumetricCloud_0
 |- Actor Package: /Game/TopDown/Maps/UEDPIE_0_TopDownMap1_InstanceOf_/Game/__ExternalActors__/TopDown/Maps/TopDownMap1/D/S4/US1HSY7RM39H4SWGWJJM07
 |- Actor Path: /Game/TopDown/Maps/UEDPIE_0_TopDownMap1.TopDownMap1:PersistentLevel.WorldDataLayers
 |- Actor Package: /Game/__ExternalActors__/TopDown/Maps/TopDownMap1/8/35/TESQ3JB6AFA67UNUUF75CT

----------------------------------------------------------------------------------------------------------------
TopDownMap1 - Runtime Hash Set
----------------------------------------------------------------------------------------------------------------

